1.7647 	WARNING 	We strongly recommend you activate the PTB sound engine in PsychoPy prefs as the preferred audio engine. Its timing is vastly superior. Your prefs are currently set to use ['sounddevice', 'PTB', 'pyo', 'pygame'] (in that order).
11.5530 	EXP 	Created window1 = Window(allowGUI=True, allowStencil=False, autoLog=True, backendConf=UNKNOWN, bitsMode=UNKNOWN, blendMode='avg', bpc=(8, 8, 8), color=array([-1., -1., -1.]), colorSpace='rgb', depthBits=8, fullscr=<method-wrapper '__getattribute__' of attributeSetter object at 0x7f9e0b48e970>, gamma=None, gammaErrorPolicy='raise', lms=UNKNOWN, monitor=<psychopy.monitors.calibTools.Monitor object at 0x7f9ddc717b80>, multiSample=False, name='window1', numSamples=2, pos=[360.0, 225.0], screen=0, size=array([2880, 1800]), stencilBits=0, stereo=False, units='norm', useFBO=True, useRetina=True, viewOri=0.0, viewPos=None, viewScale=None, waitBlanking=True, winType='pyglet')
11.5533 	EXP 	window1: mouseVisible = True
11.5533 	EXP 	window1: mouseVisible = True
11.5533 	EXP 	window1: Attempting to measure frame rate of screen (0) ...
11.5534 	EXP 	window1: recordFrameIntervals = False
11.7173 	EXP 	window1: recordFrameIntervals = True
11.9022 	EXP 	Screen (0) actual frame rate measured at 59.88Hz
11.9022 	EXP 	window1: recordFrameIntervals = False
16.9959 	EXP 	Created Welcome = TextStim(__class__=<class 'psychopy.visual.text.TextStim'>, alignHoriz=method-wrapper(...), alignText='center', alignVert=method-wrapper(...), anchorHoriz='center', anchorVert='center', antialias=True, autoDraw=False, autoLog=True, bold=False, color=array([1., 1., 1.]), colorSpace='rgb', contrast=1.0, depth=0.0, flipHoriz=False, flipVert=False, font='Open Sans', fontFiles=[], height=0.08, italic=False, languageStyle='LTR', name='Welcome', opacity=1.0, ori=0.0, pos=array([0., 0.]), rgb=UNKNOWN, text=str(...), units='norm', win=Window(...), wrapWidth=1)
17.9965 	EXP 	Created FirstInstructions = TextStim(__class__=<class 'psychopy.visual.text.TextStim'>, alignHoriz=method-wrapper(...), alignText='center', alignVert=method-wrapper(...), anchorHoriz='center', anchorVert='center', antialias=True, autoDraw=False, autoLog=True, bold=False, color=array([1., 1., 1.]), colorSpace='rgb', contrast=1.0, depth=0.0, flipHoriz=False, flipVert=False, font='Open Sans', fontFiles=[], height=0.08, italic=False, languageStyle='LTR', name='FirstInstructions', opacity=1.0, ori=0.0, pos=array([0., 0.]), rgb=UNKNOWN, text=str(...), units='norm', win=Window(...), wrapWidth=1)
18.9724 	EXP 	Created Match_text = TextStim(__class__=<class 'psychopy.visual.text.TextStim'>, alignHoriz=method-wrapper(...), alignText='center', alignVert=method-wrapper(...), anchorHoriz='center', anchorVert='center', antialias=True, autoDraw=False, autoLog=True, bold=False, color=array([1., 1., 1.]), colorSpace='rgb', contrast=1.0, depth=-1.0, flipHoriz=False, flipVert=False, font='Open Sans', fontFiles=[], height=0.08, italic=False, languageStyle='LTR', name='Match_text', opacity=1.0, ori=0.0, pos=array([0. , 0.3]), rgb=UNKNOWN, text=str(...), units='norm', win=Window(...), wrapWidth=1)
18.9798 	EXP 	Created syncing_text = TextStim(__class__=<class 'psychopy.visual.text.TextStim'>, alignHoriz=method-wrapper(...), alignText='center', alignVert=method-wrapper(...), anchorHoriz='center', anchorVert='center', antialias=True, autoDraw=False, autoLog=True, bold=False, color=array([1., 1., 1.]), colorSpace='rgb', contrast=1.0, depth=-2.0, flipHoriz=False, flipVert=False, font='Open Sans', fontFiles=[], height=0.12, italic=False, languageStyle='LTR', name='syncing_text', opacity=1.0, ori=0.0, pos=array([0. , 0.3]), rgb=UNKNOWN, text='Syncing…', units='norm', win=Window(...), wrapWidth=1)
18.9854 	EXP 	Created text_0 = TextStim(__class__=<class 'psychopy.visual.text.TextStim'>, alignHoriz=method-wrapper(...), alignText='center', alignVert=method-wrapper(...), anchorHoriz='center', anchorVert='center', antialias=True, autoDraw=False, autoLog=True, bold=False, color=array([1., 1., 1.]), colorSpace='rgb', contrast=1.0, depth=-3.0, flipHoriz=False, flipVert=False, font='Open Sans', fontFiles=[], height=0.1, italic=False, languageStyle='LTR', name='text_0', opacity=1.0, ori=0.0, pos=array([ 0. , -0.2]), rgb=UNKNOWN, text='0%', units='norm', win=Window(...), wrapWidth=1)
18.9891 	EXP 	Created Transparent = Rect(__class__=<class 'psychopy.visual.rect.Rect'>, anchor=('center', 'center'), autoDraw=False, autoLog=True, closeShape=True, color=method-wrapper(...), colorSpace='rgb', contrast=None, depth=-4.0, fillColor=array([0., 0., 0.]), fillColorSpace='rgb', fillRGB=array([0., 0., 0.]), interpolate=True, lineColor=array([1., 1., 1.]), lineColorSpace='rgb', lineRGB=array([1, 1, 1]), lineWidth=1.2, name='Transparent', opacity=1.0, ori=0.0, pos=array([0., 0.]), size=array([1. , 0.1]), units='norm', vertices=ndarray(...), win=Window(...))
18.9911 	EXP 	Created Loading_25 = Rect(__class__=<class 'psychopy.visual.rect.Rect'>, anchor=('center', 'center'), autoDraw=False, autoLog=True, closeShape=True, color=method-wrapper(...), colorSpace='rgb', contrast=None, depth=-5.0, fillColor=array([1, 1, 1]), fillColorSpace='rgb', fillRGB=array([1, 1, 1]), interpolate=True, lineColor=array([1., 1., 1.]), lineColorSpace='rgb', lineRGB=array([1, 1, 1]), lineWidth=1.0, name='Loading_25', opacity=1.0, ori=0.0, pos=array([-0.375,  0.   ]), size=array([0.25, 0.1 ]), units='norm', vertices=ndarray(...), win=Window(...))
18.9954 	EXP 	Created text_25 = TextStim(__class__=<class 'psychopy.visual.text.TextStim'>, alignHoriz=method-wrapper(...), alignText='center', alignVert=method-wrapper(...), anchorHoriz='center', anchorVert='center', antialias=True, autoDraw=False, autoLog=True, bold=False, color=array([1., 1., 1.]), colorSpace='rgb', contrast=1.0, depth=-6.0, flipHoriz=False, flipVert=False, font='Open Sans', fontFiles=[], height=0.1, italic=False, languageStyle='LTR', name='text_25', opacity=1.0, ori=0.0, pos=array([ 0. , -0.2]), rgb=UNKNOWN, text='25%', units='norm', win=Window(...), wrapWidth=1)
18.9975 	EXP 	Created Loading_50 = Rect(__class__=<class 'psychopy.visual.rect.Rect'>, anchor=('center', 'center'), autoDraw=False, autoLog=True, closeShape=True, color=method-wrapper(...), colorSpace='rgb', contrast=None, depth=-7.0, fillColor=array([1, 1, 1]), fillColorSpace='rgb', fillRGB=array([1, 1, 1]), interpolate=True, lineColor=array([1., 1., 1.]), lineColorSpace='rgb', lineRGB=array([1, 1, 1]), lineWidth=1.0, name='Loading_50', opacity=1.0, ori=0.0, pos=array([-0.25,  0.  ]), size=array([0.5, 0.1]), units='norm', vertices=ndarray(...), win=Window(...))
19.0003 	EXP 	Created text_50 = TextStim(__class__=<class 'psychopy.visual.text.TextStim'>, alignHoriz=method-wrapper(...), alignText='center', alignVert=method-wrapper(...), anchorHoriz='center', anchorVert='center', antialias=True, autoDraw=False, autoLog=True, bold=False, color=array([1., 1., 1.]), colorSpace='rgb', contrast=1.0, depth=-8.0, flipHoriz=False, flipVert=False, font='Open Sans', fontFiles=[], height=0.1, italic=False, languageStyle='LTR', name='text_50', opacity=1.0, ori=0.0, pos=array([ 0. , -0.2]), rgb=UNKNOWN, text='50%', units='norm', win=Window(...), wrapWidth=1)
19.0024 	EXP 	Created Loading_75 = Rect(__class__=<class 'psychopy.visual.rect.Rect'>, anchor=('center', 'center'), autoDraw=False, autoLog=True, closeShape=True, color=method-wrapper(...), colorSpace='rgb', contrast=None, depth=-9.0, fillColor=array([1, 1, 1]), fillColorSpace='rgb', fillRGB=array([1, 1, 1]), interpolate=True, lineColor=array([1., 1., 1.]), lineColorSpace='rgb', lineRGB=array([1, 1, 1]), lineWidth=1.0, name='Loading_75', opacity=1.0, ori=0.0, pos=array([-0.125,  0.   ]), size=array([0.75, 0.1 ]), units='norm', vertices=ndarray(...), win=Window(...))
19.0060 	EXP 	Created text_75 = TextStim(__class__=<class 'psychopy.visual.text.TextStim'>, alignHoriz=method-wrapper(...), alignText='center', alignVert=method-wrapper(...), anchorHoriz='center', anchorVert='center', antialias=True, autoDraw=False, autoLog=True, bold=False, color=array([1., 1., 1.]), colorSpace='rgb', contrast=1.0, depth=-10.0, flipHoriz=False, flipVert=False, font='Open Sans', fontFiles=[], height=0.1, italic=False, languageStyle='LTR', name='text_75', opacity=1.0, ori=0.0, pos=array([ 0. , -0.2]), rgb=UNKNOWN, text='75%', units='norm', win=Window(...), wrapWidth=1)
19.0080 	EXP 	Created Loading_100 = Rect(__class__=<class 'psychopy.visual.rect.Rect'>, anchor=('center', 'center'), autoDraw=False, autoLog=True, closeShape=True, color=method-wrapper(...), colorSpace='rgb', contrast=None, depth=-11.0, fillColor=array([1, 1, 1]), fillColorSpace='rgb', fillRGB=array([1, 1, 1]), interpolate=True, lineColor=array([1., 1., 1.]), lineColorSpace='rgb', lineRGB=array([1, 1, 1]), lineWidth=1.0, name='Loading_100', opacity=1.0, ori=0.0, pos=array([0., 0.]), size=array([1. , 0.1]), units='norm', vertices=ndarray(...), win=Window(...))
19.0117 	EXP 	Created text_100 = TextStim(__class__=<class 'psychopy.visual.text.TextStim'>, alignHoriz=method-wrapper(...), alignText='center', alignVert=method-wrapper(...), anchorHoriz='center', anchorVert='center', antialias=True, autoDraw=False, autoLog=True, bold=False, color=array([1., 1., 1.]), colorSpace='rgb', contrast=1.0, depth=-12.0, flipHoriz=False, flipVert=False, font='Open Sans', fontFiles=[], height=0.1, italic=False, languageStyle='LTR', name='text_100', opacity=1.0, ori=0.0, pos=array([ 0. , -0.2]), rgb=UNKNOWN, text='100%', units='norm', win=Window(...), wrapWidth=1)
19.0130 	EXP 	Created Youhavematched = TextStim(__class__=<class 'psychopy.visual.text.TextStim'>, alignHoriz=method-wrapper(...), alignText='center', alignVert=method-wrapper(...), anchorHoriz='center', anchorVert='center', antialias=True, autoDraw=False, autoLog=True, bold=False, color=array([1., 1., 1.]), colorSpace='rgb', contrast=1.0, depth=-1.0, flipHoriz=False, flipVert=False, font='Open Sans', fontFiles=[], height=0.08, italic=False, languageStyle='LTR', name='Youhavematched', opacity=1.0, ori=0.0, pos=array([0. , 0.6]), rgb=UNKNOWN, text='', units='norm', win=Window(...), wrapWidth=1)
19.0241 	EXP 	Created partneremoji_image = ImageStim(__class__=<class 'psychopy.visual.image.ImageStim'>, anchor=('center', 'center'), autoLog=True, color=array([1., 1., 1.]), colorSpace='rgb', contrast=1.0, depth=-2.0, flipHoriz=False, flipVert=False, image='sin', interpolate=True, mask=None, maskParams=None, name='partneremoji_image', opacity=1.0, ori=0.0, pos=array([0., 0.]), size=array([0.5 , 0.75]), texRes=128.0, units='norm', win=Window(...))
20.0048 	EXP 	Created PressToContinue = TextStim(__class__=<class 'psychopy.visual.text.TextStim'>, alignHoriz=method-wrapper(...), alignText='center', alignVert=method-wrapper(...), anchorHoriz='center', anchorVert='center', antialias=True, autoDraw=False, autoLog=True, bold=False, color=array([1., 1., 1.]), colorSpace='rgb', contrast=1.0, depth=-4.0, flipHoriz=False, flipVert=False, font='Open Sans', fontFiles=[], height=0.08, italic=False, languageStyle='LTR', name='PressToContinue', opacity=1.0, ori=0.0, pos=array([ 0. , -0.6]), rgb=UNKNOWN, text='Press space to continue.', units='norm', win=Window(...), wrapWidth=1)
20.0149 	EXP 	Created photobeingshared_text = TextStim(__class__=<class 'psychopy.visual.text.TextStim'>, alignHoriz=method-wrapper(...), alignText='center', alignVert=method-wrapper(...), anchorHoriz='center', anchorVert='center', antialias=True, autoDraw=False, autoLog=True, bold=False, color=array([1., 1., 1.]), colorSpace='rgb', contrast=1.0, depth=0.0, flipHoriz=False, flipVert=False, font='Open Sans', fontFiles=[], height=0.09, italic=False, languageStyle='LTR', name='photobeingshared_text', opacity=1.0, ori=0.0, pos=array([0. , 0.6]), rgb=UNKNOWN, text='This photo is now being shared', units='norm', win=Window(...), wrapWidth=1)
20.0249 	EXP 	Created waitforfeedback_text = TextStim(__class__=<class 'psychopy.visual.text.TextStim'>, alignHoriz=method-wrapper(...), alignText='center', alignVert=method-wrapper(...), anchorHoriz='center', anchorVert='center', antialias=True, autoDraw=False, autoLog=True, bold=False, color=array([1., 1., 1.]), colorSpace='rgb', contrast=1.0, depth=-1.0, flipHoriz=False, flipVert=False, font='Open Sans', fontFiles=[], height=0.09, italic=False, languageStyle='LTR', name='waitforfeedback_text', opacity=1.0, ori=0.0, pos=array([ 0. , -0.6]), rgb=UNKNOWN, text='Please wait for feedback.', units='norm', win=Window(...), wrapWidth=1)
20.0300 	EXP 	Created participantimage_image = ImageStim(__class__=<class 'psychopy.visual.image.ImageStim'>, anchor=('center', 'center'), autoLog=True, color=array([1., 1., 1.]), colorSpace='rgb', contrast=1.0, depth=-3.0, flipHoriz=False, flipVert=False, image='sin', interpolate=True, mask=None, maskParams=None, name='participantimage_image', opacity=1.0, ori=0.0, pos=array([0., 0.]), size=array([0.5 , 0.75]), texRes=128.0, units='norm', win=Window(...))
20.0371 	EXP 	Created waiting_text = TextStim(__class__=<class 'psychopy.visual.text.TextStim'>, alignHoriz=method-wrapper(...), alignText='center', alignVert=method-wrapper(...), anchorHoriz='center', anchorVert='center', antialias=True, autoDraw=False, autoLog=True, bold=False, color=array([1., 1., 1.]), colorSpace='rgb', contrast=1.0, depth=0.0, flipHoriz=False, flipVert=False, font='Open Sans', fontFiles=[], height=0.15, italic=False, languageStyle='LTR', name='waiting_text', opacity=1.0, ori=0.0, pos=array([0., 0.]), rgb=UNKNOWN, text='Waiting…', units='norm', win=Window(...), wrapWidth=1)
20.0385 	EXP 	Created displayfeedback_text = TextStim(__class__=<class 'psychopy.visual.text.TextStim'>, alignHoriz=method-wrapper(...), alignText='center', alignVert=method-wrapper(...), anchorHoriz='center', anchorVert='center', antialias=True, autoDraw=False, autoLog=True, bold=False, color=array([1., 1., 1.]), colorSpace='rgb', contrast=1.0, depth=0.0, flipHoriz=False, flipVert=False, font='Open Sans', fontFiles=[], height=0.12, italic=False, languageStyle='LTR', name='displayfeedback_text', opacity=1.0, ori=0.0, pos=array([0.  , 0.75]), rgb=UNKNOWN, text='', units='norm', win=Window(...), wrapWidth=1)
20.0436 	EXP 	Created fdbkimage_image = ImageStim(__class__=<class 'psychopy.visual.image.ImageStim'>, anchor=('center', 'center'), autoLog=True, color=array([1., 1., 1.]), colorSpace='rgb', contrast=1.0, depth=-1.0, flipHoriz=False, flipVert=False, image='sin', interpolate=True, mask=None, maskParams=None, name='fdbkimage_image', opacity=1.0, ori=0.0, pos=array([0., 0.]), size=array([0.75, 1.25]), texRes=128.0, units='norm', win=Window(...))
20.0541 	EXP 	Created presstosharenextphoto_text = TextStim(__class__=<class 'psychopy.visual.text.TextStim'>, alignHoriz=method-wrapper(...), alignText='center', alignVert=method-wrapper(...), anchorHoriz='center', anchorVert='center', antialias=True, autoDraw=False, autoLog=True, bold=False, color=array([1., 1., 1.]), colorSpace='rgb', contrast=1.0, depth=0.0, flipHoriz=False, flipVert=False, font='Open Sans', fontFiles=[], height=0.1, italic=False, languageStyle='LTR', name='presstosharenextphoto_text', opacity=1.0, ori=0.0, pos=array([0., 0.]), rgb=UNKNOWN, text='Press space to share your next photo.', units='norm', win=Window(...), wrapWidth=1)
21.0579 	EXP 	Created lotterychoice_text = TextStim(__class__=<class 'psychopy.visual.text.TextStim'>, alignHoriz=method-wrapper(...), alignText='center', alignVert=method-wrapper(...), anchorHoriz='center', anchorVert='center', antialias=True, autoDraw=False, autoLog=True, bold=False, color=array([1., 1., 1.]), colorSpace='rgb', contrast=1.0, depth=0.0, flipHoriz=False, flipVert=False, font='Open Sans', fontFiles=[], height=0.07, italic=False, languageStyle='LTR', name='lotterychoice_text', opacity=1.0, ori=0.0, pos=array([0. , 0.3]), rgb=UNKNOWN, text=str(...), units='norm', win=Window(...), wrapWidth=1)
21.0620 	EXP 	Created computer_text = TextStim(__class__=<class 'psychopy.visual.text.TextStim'>, alignHoriz=method-wrapper(...), alignText='center', alignVert=method-wrapper(...), anchorHoriz='center', anchorVert='center', antialias=True, autoDraw=False, autoLog=True, bold=False, color=array([1., 1., 1.]), colorSpace='rgb', contrast=1.0, depth=-1.0, flipHoriz=False, flipVert=False, font='Open Sans', fontFiles=[], height=0.07, italic=False, languageStyle='LTR', name='computer_text', opacity=1.0, ori=0.0, pos=array([-0.3, -0.4]), rgb=UNKNOWN, text='Computer', units='norm', win=Window(...), wrapWidth=1)
21.0657 	EXP 	Created self_text = TextStim(__class__=<class 'psychopy.visual.text.TextStim'>, alignHoriz=method-wrapper(...), alignText='center', alignVert=method-wrapper(...), anchorHoriz='center', anchorVert='center', antialias=True, autoDraw=False, autoLog=True, bold=False, color=array([1., 1., 1.]), colorSpace='rgb', contrast=1.0, depth=-2.0, flipHoriz=False, flipVert=False, font='Open Sans', fontFiles=[], height=0.07, italic=False, languageStyle='LTR', name='self_text', opacity=1.0, ori=0.0, pos=array([ 0.3, -0.4]), rgb=UNKNOWN, text='Self', units='norm', win=Window(...), wrapWidth=1)
22.0433 	EXP 	Created lotterycard = TextStim(__class__=<class 'psychopy.visual.text.TextStim'>, alignHoriz=method-wrapper(...), alignText='center', alignVert=method-wrapper(...), anchorHoriz='center', anchorVert='center', antialias=True, autoDraw=False, autoLog=True, bold=False, color=array([1., 1., 1.]), colorSpace='rgb', contrast=1.0, depth=-1.0, flipHoriz=False, flipVert=False, font='Open Sans', fontFiles=[], height=0.1, italic=False, languageStyle='LTR', name='lotterycard', opacity=1.0, ori=0.0, pos=array([0. , 0.6]), rgb=UNKNOWN, text=str(...), units='norm', win=Window(...), wrapWidth=1)
22.1192 	EXP 	Created Block1_facedowncard = ImageStim(__class__=<class 'psychopy.visual.image.ImageStim'>, anchor=('center', 'center'), autoLog=True, color=array([1., 1., 1.]), colorSpace='rgb', contrast=1.0, depth=-2.0, flipHoriz=False, flipVert=False, image='Images/facedown card.png', interpolate=True, mask=None, maskParams=None, name='Block1_facedowncard', opacity=1.0, ori=0.0, pos=array([0., 0.]), size=array([0.75, 0.75]), texRes=128.0, units='norm', win=Window(...))
22.1207 	EXP 	Created computerresponse = TextStim(__class__=<class 'psychopy.visual.text.TextStim'>, alignHoriz=method-wrapper(...), alignText='center', alignVert=method-wrapper(...), anchorHoriz='center', anchorVert='center', antialias=True, autoDraw=False, autoLog=True, bold=False, color=array([1., 1., 1.]), colorSpace='rgb', contrast=1.0, depth=-3.0, flipHoriz=False, flipVert=False, font='Open Sans', fontFiles=[], height=0.1, italic=False, languageStyle='LTR', name='computerresponse', opacity=1.0, ori=0.0, pos=array([ 0. , -0.4]), rgb=UNKNOWN, text='', units='norm', win=Window(...), wrapWidth=1)
22.1295 	EXP 	Created pickacard_text = TextStim(__class__=<class 'psychopy.visual.text.TextStim'>, alignHoriz=method-wrapper(...), alignText='center', alignVert=method-wrapper(...), anchorHoriz='center', anchorVert='center', antialias=True, autoDraw=False, autoLog=True, bold=False, color=array([1., 1., 1.]), colorSpace='rgb', contrast=1.0, depth=-1.0, flipHoriz=False, flipVert=False, font='Open Sans', fontFiles=[], height=0.1, italic=False, languageStyle='LTR', name='pickacard_text', opacity=1.0, ori=0.0, pos=array([0.  , 0.65]), rgb=UNKNOWN, text=str(...), units='norm', win=Window(...), wrapWidth=1)
22.1333 	EXP 	Created higher_text = TextStim(__class__=<class 'psychopy.visual.text.TextStim'>, alignHoriz=method-wrapper(...), alignText='center', alignVert=method-wrapper(...), anchorHoriz='center', anchorVert='center', antialias=True, autoDraw=False, autoLog=True, bold=False, color=array([1., 1., 1.]), colorSpace='rgb', contrast=1.0, depth=-2.0, flipHoriz=False, flipVert=False, font='Open Sans', fontFiles=[], height=0.1, italic=False, languageStyle='LTR', name='higher_text', opacity=1.0, ori=0.0, pos=array([ 0.3, -0.5]), rgb=UNKNOWN, text='Higher', units='norm', win=Window(...), wrapWidth=1)
22.1371 	EXP 	Created lower_text = TextStim(__class__=<class 'psychopy.visual.text.TextStim'>, alignHoriz=method-wrapper(...), alignText='center', alignVert=method-wrapper(...), anchorHoriz='center', anchorVert='center', antialias=True, autoDraw=False, autoLog=True, bold=False, color=array([1., 1., 1.]), colorSpace='rgb', contrast=1.0, depth=-3.0, flipHoriz=False, flipVert=False, font='Open Sans', fontFiles=[], height=0.1, italic=False, languageStyle='LTR', name='lower_text', opacity=1.0, ori=0.0, pos=array([-0.3, -0.5]), rgb=UNKNOWN, text='Lower', units='norm', win=Window(...), wrapWidth=1)
23.1070 	EXP 	Created responsefeedback = TextStim(__class__=<class 'psychopy.visual.text.TextStim'>, alignHoriz=method-wrapper(...), alignText='center', alignVert=method-wrapper(...), anchorHoriz='center', anchorVert='center', antialias=True, autoDraw=False, autoLog=True, bold=False, color=array([1., 1., 1.]), colorSpace='rgb', contrast=1.0, depth=-6.0, flipHoriz=False, flipVert=False, font='Open Sans', fontFiles=[], height=0.07, italic=False, languageStyle='LTR', name='responsefeedback', opacity=1.0, ori=0.0, pos=array([ 0.  , -0.59]), rgb=UNKNOWN, text='', units='norm', win=Window(...), wrapWidth=1)
23.1658 	EXP 	Created block1_cardimage = ImageStim(__class__=<class 'psychopy.visual.image.ImageStim'>, anchor=('center', 'center'), autoLog=True, color=array([1., 1., 1.]), colorSpace='rgb', contrast=1.0, depth=-7.0, flipHoriz=False, flipVert=False, image='Images/facedown card.png', interpolate=True, mask=None, maskParams=None, name='block1_cardimage', opacity=1.0, ori=0.0, pos=array([0., 0.]), size=array([0.75, 0.75]), texRes=128.0, units='norm', win=Window(...))
24.1358 	EXP 	Created resumetext_text = TextStim(__class__=<class 'psychopy.visual.text.TextStim'>, alignHoriz=method-wrapper(...), alignText='center', alignVert=method-wrapper(...), anchorHoriz='center', anchorVert='center', antialias=True, autoDraw=False, autoLog=True, bold=False, color=array([1., 1., 1.]), colorSpace='rgb', contrast=1.0, depth=-2.0, flipHoriz=False, flipVert=False, font='Open Sans', fontFiles=[], height=0.12, italic=False, languageStyle='LTR', name='resumetext_text', opacity=1.0, ori=0.0, pos=array([0., 0.]), rgb=UNKNOWN, text='', units='norm', win=Window(...), wrapWidth=1)
24.1578 	EXP 	window1: mouseVisible = True
24.2743 	EXP 	Created slider = Slider(__class__=<class 'psychopy.visual.slider.Slider'>, autoDraw=False, autoLog=True, borderColor=None, color=None, colorSpace='rgb', depth=-5, fillColor=None, flip=False, font='Open Sans', granularity=0.0, labelColor=None, labelHeight=0.05, labelWrapWidth=None, labels=(1, 2, 3, 4, 5), lineColor=None, markerColor=None, name='slider', opacity=None, ori=0.0, pos=array([ 0. , -0.4]), readOnly=False, self=UNKNOWN, size=array([1. , 0.1]), startValue=None, style='rating', styleTweaks=['labels45', 'triangleMarker'], ticks=array([1, 2, 3, 4, 5]), units='norm', win=Window(...))
24.2761 	EXP 	Created saliencequestion_text = TextStim(__class__=<class 'psychopy.visual.text.TextStim'>, alignHoriz=method-wrapper(...), alignText='center', alignVert=method-wrapper(...), anchorHoriz='center', anchorVert='center', antialias=True, autoDraw=False, autoLog=True, bold=False, color=array([1., 1., 1.]), colorSpace='rgb', contrast=1.0, depth=-1.0, flipHoriz=False, flipVert=False, font='Open Sans', fontFiles=[], height=0.06, italic=False, languageStyle='LTR', name='saliencequestion_text', opacity=1.0, ori=0.0, pos=array([0. , 0.6]), rgb=UNKNOWN, text='', units='norm', win=Window(...), wrapWidth=1)
25.2509 	EXP 	Created salienceavatar_image = ImageStim(__class__=<class 'psychopy.visual.image.ImageStim'>, anchor=('center', 'center'), autoLog=True, color=array([1., 1., 1.]), colorSpace='rgb', contrast=1.0, depth=-3.0, flipHoriz=False, flipVert=False, image='sin', interpolate=True, mask=None, maskParams=None, name='salienceavatar_image', opacity=1.0, ori=0.0, pos=array([0., 0.]), size=array([0.3 , 0.55]), texRes=128.0, units='norm', win=Window(...))
25.2565 	EXP 	Created saliencecontinue_text = TextStim(__class__=<class 'psychopy.visual.text.TextStim'>, alignHoriz=method-wrapper(...), alignText='center', alignVert=method-wrapper(...), anchorHoriz='center', anchorVert='center', antialias=True, autoDraw=False, autoLog=True, bold=False, color=array([1., 1., 1.]), colorSpace='rgb', contrast=1.0, depth=-4.0, flipHoriz=False, flipVert=False, font='Open Sans', fontFiles=[], height=0.07, italic=False, languageStyle='LTR', name='saliencecontinue_text', opacity=1.0, ori=0.0, pos=array([ 0. , -0.7]), rgb=UNKNOWN, text='Press space to enter rating and continue.', units='norm', win=Window(...), wrapWidth=1)
25.2618 	DATA 	Mouse: Left button down, pos=(727,552)
25.2708 	EXP 	slider: autoLog = True
25.2708 	EXP 	slider: markerPos = None
25.2708 	EXP 	slider: styleTweaks = []
25.2708 	EXP 	slider: styleTweaks = []
25.2708 	EXP 	slider: styleTweaks = ['labels45', 'triangleMarker']
25.2708 	EXP 	slider: styleTweaks = ['labels45', 'triangleMarker']
25.2708 	EXP 	slider: contrast = 1.0
25.2708 	EXP 	slider: autoLog = True
25.2708 	EXP 	Welcome: autoDraw = True
25.3528 	DATA 	Mouse:  Left button up, pos=(727,552)
31.7019 	DATA 	Keypress: space
31.7088 	EXP 	Welcome: autoDraw = False
31.7088 	EXP 	FirstInstructions: autoDraw = True
37.8687 	EXP 	Imported /Users/jordansiegel/Documents/PhD/Research/Second Year Project/Rejection_Task 2/data/101/101_trials.csv as conditions, 90 conditions, 5 params
37.8705 	EXP 	Created sequence: sequential, trialTypes=90, nReps=1, seed=None
37.8709 	EXP 	New trial (rep=0, index=0): OrderedDict([('TrialNumber', 1), ('Partner', 'Sam'), ('Condition', 'Acc'), ('Photos', 'Participant_Images/101_Image_23.jpg'), ('Feedback', 'liked')])
37.8844 	DATA 	Keypress: space
37.8896 	EXP 	FirstInstructions: autoDraw = False
37.8896 	EXP 	Match_text: autoDraw = True
40.8867 	EXP 	syncing_text: autoDraw = True
40.8867 	EXP 	text_0: autoDraw = True
40.8867 	EXP 	Transparent: autoDraw = True
40.9013 	EXP 	Match_text: autoDraw = False
42.1354 	EXP 	Loading_25: autoDraw = True
42.1354 	EXP 	text_25: autoDraw = True
42.1511 	EXP 	text_0: autoDraw = False
43.3847 	EXP 	Loading_50: autoDraw = True
43.3847 	EXP 	text_50: autoDraw = True
43.4010 	EXP 	Loading_25: autoDraw = False
43.4010 	EXP 	text_25: autoDraw = False
44.6343 	EXP 	Loading_50: autoDraw = False
44.6343 	EXP 	text_50: autoDraw = False
44.6343 	EXP 	Loading_75: autoDraw = True
44.6343 	EXP 	text_75: autoDraw = True
45.8842 	EXP 	Loading_75: autoDraw = False
45.8842 	EXP 	text_75: autoDraw = False
45.8842 	EXP 	Loading_100: autoDraw = True
45.8842 	EXP 	text_100: autoDraw = True
47.1343 	EXP 	Loading_100: autoDraw = False
47.1343 	EXP 	text_100: autoDraw = False
47.1676 	EXP 	Match_text: autoDraw = False
47.1676 	EXP 	syncing_text: autoDraw = False
47.1676 	EXP 	text_0: autoDraw = False
47.1676 	EXP 	Transparent: autoDraw = False
47.1676 	EXP 	Loading_25: autoDraw = False
47.1676 	EXP 	text_25: autoDraw = False
47.1676 	EXP 	Loading_50: autoDraw = False
47.1676 	EXP 	text_50: autoDraw = False
47.1676 	EXP 	Loading_75: autoDraw = False
47.1676 	EXP 	text_75: autoDraw = False
47.1676 	EXP 	Loading_100: autoDraw = False
47.1676 	EXP 	text_100: autoDraw = False
47.1676 	EXP 	Youhavematched: height = 0.08
47.1676 	EXP 	Youhavematched: height = 0.08
47.1676 	EXP 	Youhavematched: height = 0.08
47.1676 	EXP 	Youhavematched: text = 'You have matched with: Sam'
47.1676 	EXP 	partneremoji_image: image = 'Images/nerdemoji_nobackground.png'
47.1676 	EXP 	Youhavematched: autoDraw = True
47.1676 	EXP 	partneremoji_image: autoDraw = True
47.1676 	EXP 	PressToContinue: autoDraw = True
53.5858 	DATA 	Keypress: space
53.5919 	EXP 	Youhavematched: autoDraw = False
53.5919 	EXP 	partneremoji_image: autoDraw = False
53.5919 	EXP 	PressToContinue: autoDraw = False
53.5919 	EXP 	participantimage_image: image = 'Participant_Images/101_Image_23.jpg'
53.5919 	EXP 	photobeingshared_text: autoDraw = True
53.5919 	EXP 	waitforfeedback_text: autoDraw = True
53.5919 	EXP 	participantimage_image: autoDraw = True
56.2509 	EXP 	photobeingshared_text: autoDraw = False
56.2509 	EXP 	waitforfeedback_text: autoDraw = False
56.2509 	EXP 	participantimage_image: autoDraw = False
56.2509 	EXP 	waiting_text: autoDraw = True
61.2575 	EXP 	waiting_text: autoDraw = False
61.2575 	EXP 	displayfeedback_text: height = 0.12
61.2575 	EXP 	displayfeedback_text: height = 0.12
61.2575 	EXP 	displayfeedback_text: height = 0.12
61.2575 	EXP 	displayfeedback_text: text = 'Sam liked your photo'
61.2575 	EXP 	fdbkimage_image: image = 'Images/thumbsup.tiff'
61.2575 	EXP 	displayfeedback_text: autoDraw = True
61.2575 	EXP 	fdbkimage_image: autoDraw = True
64.2517 	EXP 	displayfeedback_text: autoDraw = False
64.2517 	EXP 	fdbkimage_image: autoDraw = False
64.2517 	EXP 	presstosharenextphoto_text: autoDraw = True
65.0523 	EXP 	Created sequence: random, trialTypes=1, nReps=0, seed=None
65.0546 	DATA 	Keypress: space
65.0957 	EXP 	New trial (rep=0, index=1): OrderedDict([('TrialNumber', 2), ('Partner', 'Sam'), ('Condition', 'Acc'), ('Photos', 'Participant_Images/101_Image_7.jpg'), ('Feedback', 'liked')])
65.3811 	EXP 	presstosharenextphoto_text: autoDraw = False
65.3811 	EXP 	slider: markerPos = 3
65.3811 	EXP 	saliencequestion_text: height = 0.06
65.3811 	EXP 	saliencequestion_text: height = 0.06
65.3811 	EXP 	saliencequestion_text: height = 0.06
65.3811 	EXP 	saliencequestion_text: text = 'How likely are you to share photos with Sam in the future? \n Use your mouse or left and right arrows to move the arrow to your desired rating.'
65.3811 	EXP 	salienceavatar_image: image = 'Images/nerdemoji_nobackground.png'
65.3811 	EXP 	saliencequestion_text: autoDraw = False
65.3811 	EXP 	salienceavatar_image: autoDraw = False
65.3811 	EXP 	saliencecontinue_text: autoDraw = False
65.3811 	EXP 	Match_text: autoDraw = False
65.3811 	EXP 	syncing_text: autoDraw = False
65.3811 	EXP 	text_0: autoDraw = False
65.3811 	EXP 	Transparent: autoDraw = False
65.3811 	EXP 	Loading_25: autoDraw = False
65.3811 	EXP 	text_25: autoDraw = False
65.3811 	EXP 	Loading_50: autoDraw = False
65.3811 	EXP 	text_50: autoDraw = False
65.3811 	EXP 	Loading_75: autoDraw = False
65.3811 	EXP 	text_75: autoDraw = False
65.3811 	EXP 	Loading_100: autoDraw = False
65.3811 	EXP 	text_100: autoDraw = False
65.3811 	EXP 	Youhavematched: text = 'You have matched with: Sam'
65.3811 	EXP 	partneremoji_image: image = 'Images/nerdemoji_nobackground.png'
65.3811 	EXP 	Youhavematched: autoDraw = False
65.3811 	EXP 	partneremoji_image: autoDraw = False
65.3811 	EXP 	PressToContinue: autoDraw = False
65.3811 	EXP 	participantimage_image: image = 'Participant_Images/101_Image_7.jpg'
65.3811 	EXP 	photobeingshared_text: autoDraw = True
65.3811 	EXP 	waitforfeedback_text: autoDraw = True
65.3811 	EXP 	participantimage_image: autoDraw = True
68.1177 	EXP 	photobeingshared_text: autoDraw = False
68.1177 	EXP 	waitforfeedback_text: autoDraw = False
68.1177 	EXP 	participantimage_image: autoDraw = False
68.1177 	EXP 	waiting_text: autoDraw = True
73.1181 	EXP 	waiting_text: autoDraw = False
73.1181 	EXP 	displayfeedback_text: text = 'Sam liked your photo'
73.1181 	EXP 	fdbkimage_image: image = 'Images/thumbsup.tiff'
73.1181 	EXP 	displayfeedback_text: autoDraw = True
73.1181 	EXP 	fdbkimage_image: autoDraw = True
76.1176 	EXP 	displayfeedback_text: autoDraw = False
76.1176 	EXP 	fdbkimage_image: autoDraw = False
76.1176 	EXP 	presstosharenextphoto_text: autoDraw = True
76.4857 	EXP 	Created sequence: random, trialTypes=1, nReps=0, seed=None
76.4882 	DATA 	Keypress: space
76.4991 	EXP 	New trial (rep=0, index=2): OrderedDict([('TrialNumber', 3), ('Partner', 'Sam'), ('Condition', 'Acc'), ('Photos', 'Participant_Images/101_Image_13.jpg'), ('Feedback', 'liked')])
76.7366 	EXP 	presstosharenextphoto_text: autoDraw = False
76.7366 	EXP 	slider: markerPos = 3
76.7366 	EXP 	saliencequestion_text: text = 'How likely are you to share photos with Sam in the future? \n Use your mouse or left and right arrows to move the arrow to your desired rating.'
76.7366 	EXP 	salienceavatar_image: image = 'Images/nerdemoji_nobackground.png'
76.7366 	EXP 	saliencequestion_text: autoDraw = False
76.7366 	EXP 	salienceavatar_image: autoDraw = False
76.7366 	EXP 	saliencecontinue_text: autoDraw = False
76.7366 	EXP 	Match_text: autoDraw = False
76.7366 	EXP 	syncing_text: autoDraw = False
76.7366 	EXP 	text_0: autoDraw = False
76.7366 	EXP 	Transparent: autoDraw = False
76.7366 	EXP 	Loading_25: autoDraw = False
76.7366 	EXP 	text_25: autoDraw = False
76.7366 	EXP 	Loading_50: autoDraw = False
76.7366 	EXP 	text_50: autoDraw = False
76.7366 	EXP 	Loading_75: autoDraw = False
76.7366 	EXP 	text_75: autoDraw = False
76.7366 	EXP 	Loading_100: autoDraw = False
76.7366 	EXP 	text_100: autoDraw = False
76.7366 	EXP 	Youhavematched: text = 'You have matched with: Sam'
76.7366 	EXP 	partneremoji_image: image = 'Images/nerdemoji_nobackground.png'
76.7366 	EXP 	Youhavematched: autoDraw = False
76.7366 	EXP 	partneremoji_image: autoDraw = False
76.7366 	EXP 	PressToContinue: autoDraw = False
76.7366 	EXP 	participantimage_image: image = 'Participant_Images/101_Image_13.jpg'
76.7366 	EXP 	photobeingshared_text: autoDraw = True
76.7366 	EXP 	waitforfeedback_text: autoDraw = True
76.7366 	EXP 	participantimage_image: autoDraw = True
79.5344 	EXP 	photobeingshared_text: autoDraw = False
79.5344 	EXP 	waitforfeedback_text: autoDraw = False
79.5344 	EXP 	participantimage_image: autoDraw = False
79.5344 	EXP 	waiting_text: autoDraw = True
84.5343 	EXP 	waiting_text: autoDraw = False
84.5343 	EXP 	displayfeedback_text: text = 'Sam liked your photo'
84.5343 	EXP 	fdbkimage_image: image = 'Images/thumbsup.tiff'
84.5343 	EXP 	displayfeedback_text: autoDraw = True
84.5343 	EXP 	fdbkimage_image: autoDraw = True
87.5343 	EXP 	displayfeedback_text: autoDraw = False
87.5343 	EXP 	fdbkimage_image: autoDraw = False
87.5343 	EXP 	presstosharenextphoto_text: autoDraw = True
88.1693 	EXP 	Created sequence: random, trialTypes=1, nReps=0, seed=None
88.1798 	EXP 	New trial (rep=0, index=3): OrderedDict([('TrialNumber', 4), ('Partner', 'Sam'), ('Condition', 'Acc'), ('Photos', 'Participant_Images/101_Image_25.jpg'), ('Feedback', 'liked')])
88.4176 	DATA 	Keypress: space
88.4231 	EXP 	presstosharenextphoto_text: autoDraw = False
88.4231 	EXP 	slider: markerPos = 3
88.4231 	EXP 	saliencequestion_text: text = 'How likely are you to share photos with Sam in the future? \n Use your mouse or left and right arrows to move the arrow to your desired rating.'
88.4231 	EXP 	salienceavatar_image: image = 'Images/nerdemoji_nobackground.png'
88.4231 	EXP 	saliencequestion_text: autoDraw = False
88.4231 	EXP 	salienceavatar_image: autoDraw = False
88.4231 	EXP 	saliencecontinue_text: autoDraw = False
88.4231 	EXP 	Match_text: autoDraw = False
88.4231 	EXP 	syncing_text: autoDraw = False
88.4231 	EXP 	text_0: autoDraw = False
88.4231 	EXP 	Transparent: autoDraw = False
88.4231 	EXP 	Loading_25: autoDraw = False
88.4231 	EXP 	text_25: autoDraw = False
88.4231 	EXP 	Loading_50: autoDraw = False
88.4231 	EXP 	text_50: autoDraw = False
88.4231 	EXP 	Loading_75: autoDraw = False
88.4231 	EXP 	text_75: autoDraw = False
88.4231 	EXP 	Loading_100: autoDraw = False
88.4231 	EXP 	text_100: autoDraw = False
88.4231 	EXP 	Youhavematched: text = 'You have matched with: Sam'
88.4231 	EXP 	partneremoji_image: image = 'Images/nerdemoji_nobackground.png'
88.4231 	EXP 	Youhavematched: autoDraw = False
88.4231 	EXP 	partneremoji_image: autoDraw = False
88.4231 	EXP 	PressToContinue: autoDraw = False
88.4231 	EXP 	participantimage_image: image = 'Participant_Images/101_Image_25.jpg'
88.4231 	EXP 	photobeingshared_text: autoDraw = True
88.4231 	EXP 	waitforfeedback_text: autoDraw = True
88.4231 	EXP 	participantimage_image: autoDraw = True
91.2175 	EXP 	photobeingshared_text: autoDraw = False
91.2175 	EXP 	waitforfeedback_text: autoDraw = False
91.2175 	EXP 	participantimage_image: autoDraw = False
91.2175 	EXP 	waiting_text: autoDraw = True
96.2176 	EXP 	waiting_text: autoDraw = False
96.2176 	EXP 	displayfeedback_text: text = 'Sam liked your photo'
96.2176 	EXP 	fdbkimage_image: image = 'Images/thumbsup.tiff'
96.2176 	EXP 	displayfeedback_text: autoDraw = True
96.2176 	EXP 	fdbkimage_image: autoDraw = True
99.2183 	EXP 	displayfeedback_text: autoDraw = False
99.2183 	EXP 	fdbkimage_image: autoDraw = False
99.2183 	EXP 	presstosharenextphoto_text: autoDraw = True
99.7532 	EXP 	Created sequence: random, trialTypes=1, nReps=0, seed=None
99.7553 	DATA 	Keypress: space
99.7664 	EXP 	New trial (rep=0, index=4): OrderedDict([('TrialNumber', 5), ('Partner', 'Sam'), ('Condition', 'Acc'), ('Photos', 'Participant_Images/101_Image_5.jpg'), ('Feedback', 'disliked')])
100.0159 	EXP 	presstosharenextphoto_text: autoDraw = False
100.0159 	EXP 	slider: markerPos = 3
100.0159 	EXP 	saliencequestion_text: text = 'How likely are you to share photos with Sam in the future? \n Use your mouse or left and right arrows to move the arrow to your desired rating.'
100.0159 	EXP 	salienceavatar_image: image = 'Images/nerdemoji_nobackground.png'
100.0159 	EXP 	saliencequestion_text: autoDraw = False
100.0159 	EXP 	salienceavatar_image: autoDraw = False
100.0159 	EXP 	saliencecontinue_text: autoDraw = False
100.0159 	EXP 	Match_text: autoDraw = False
100.0159 	EXP 	syncing_text: autoDraw = False
100.0159 	EXP 	text_0: autoDraw = False
100.0159 	EXP 	Transparent: autoDraw = False
100.0159 	EXP 	Loading_25: autoDraw = False
100.0159 	EXP 	text_25: autoDraw = False
100.0159 	EXP 	Loading_50: autoDraw = False
100.0159 	EXP 	text_50: autoDraw = False
100.0159 	EXP 	Loading_75: autoDraw = False
100.0159 	EXP 	text_75: autoDraw = False
100.0159 	EXP 	Loading_100: autoDraw = False
100.0159 	EXP 	text_100: autoDraw = False
100.0159 	EXP 	Youhavematched: text = 'You have matched with: Sam'
100.0159 	EXP 	partneremoji_image: image = 'Images/nerdemoji_nobackground.png'
100.0159 	EXP 	Youhavematched: autoDraw = False
100.0159 	EXP 	partneremoji_image: autoDraw = False
100.0159 	EXP 	PressToContinue: autoDraw = False
100.0159 	EXP 	participantimage_image: image = 'Participant_Images/101_Image_5.jpg'
100.0159 	EXP 	photobeingshared_text: autoDraw = True
100.0159 	EXP 	waitforfeedback_text: autoDraw = True
100.0159 	EXP 	participantimage_image: autoDraw = True
102.8014 	EXP 	photobeingshared_text: autoDraw = False
102.8014 	EXP 	waitforfeedback_text: autoDraw = False
102.8014 	EXP 	participantimage_image: autoDraw = False
102.8014 	EXP 	waiting_text: autoDraw = True
107.8033 	EXP 	waiting_text: autoDraw = False
107.8033 	EXP 	displayfeedback_text: height = 0.12
107.8033 	EXP 	displayfeedback_text: height = 0.12
107.8033 	EXP 	displayfeedback_text: height = 0.12
107.8033 	EXP 	displayfeedback_text: text = 'Sam disliked your photo'
107.8033 	EXP 	fdbkimage_image: image = 'Images/thumbsdown.tiff'
107.8033 	EXP 	displayfeedback_text: autoDraw = True
107.8033 	EXP 	fdbkimage_image: autoDraw = True
110.7879 	EXP 	Created sequence: random, trialTypes=1, nReps=1, seed=None
110.7882 	EXP 	New trial (rep=0, index=0): None
110.8017 	EXP 	displayfeedback_text: autoDraw = False
110.8017 	EXP 	fdbkimage_image: autoDraw = False
110.8017 	EXP 	presstosharenextphoto_text: autoDraw = False
110.8017 	EXP 	lotterychoice_text: autoDraw = True
110.8017 	EXP 	computer_text: autoDraw = True
110.8017 	EXP 	self_text: autoDraw = True
112.4730 	DATA 	Keypress: c
113.7855 	EXP 	Created sequence: random, trialTypes=1, nReps=1, seed=None
113.7857 	EXP 	New trial (rep=0, index=0): None
113.8038 	EXP 	lotterychoice_text: autoDraw = False
113.8038 	EXP 	computer_text: autoDraw = False
113.8038 	EXP 	self_text: autoDraw = False
113.8038 	EXP 	lotterychoice_text: autoDraw = False
113.8038 	EXP 	computer_text: autoDraw = False
113.8038 	EXP 	self_text: autoDraw = False
113.8038 	EXP 	computerresponse: height = 0.1
113.8038 	EXP 	computerresponse: height = 0.1
113.8038 	EXP 	computerresponse: height = 0.1
113.8038 	EXP 	computerresponse: text = 'The computer has chosen higher.'
113.8038 	EXP 	lotterycard: autoDraw = True
113.8038 	EXP 	Block1_facedowncard: autoDraw = True
115.7844 	EXP 	computerresponse: autoDraw = True
119.7847 	EXP 	computerresponse: autoDraw = False
119.8017 	EXP 	Created sequence: random, trialTypes=1, nReps=0, seed=None
119.8179 	EXP 	lotterycard: autoDraw = False
119.8179 	EXP 	Block1_facedowncard: autoDraw = False
119.8179 	EXP 	computerresponse: autoDraw = False
119.8179 	EXP 	resumetext_text: height = 0.12
119.8179 	EXP 	resumetext_text: height = 0.12
119.8179 	EXP 	resumetext_text: height = 0.12
119.8179 	EXP 	resumetext_text: text = 'Press space to resume sharing your photos.'
119.8179 	EXP 	resumetext_text: autoDraw = True
120.7205 	DATA 	Keypress: space
120.7321 	EXP 	New trial (rep=0, index=5): OrderedDict([('TrialNumber', 6), ('Partner', 'Sam'), ('Condition', 'Acc'), ('Photos', 'Participant_Images/101_Image_17.jpg'), ('Feedback', 'liked')])
120.9441 	EXP 	resumetext_text: autoDraw = False
120.9441 	EXP 	slider: markerPos = 3
120.9441 	EXP 	saliencequestion_text: text = 'How likely are you to share photos with Sam in the future? \n Use your mouse or left and right arrows to move the arrow to your desired rating.'
120.9441 	EXP 	salienceavatar_image: image = 'Images/nerdemoji_nobackground.png'
120.9441 	EXP 	saliencequestion_text: autoDraw = False
120.9441 	EXP 	salienceavatar_image: autoDraw = False
120.9441 	EXP 	saliencecontinue_text: autoDraw = False
120.9441 	EXP 	Match_text: autoDraw = False
120.9441 	EXP 	syncing_text: autoDraw = False
120.9441 	EXP 	text_0: autoDraw = False
120.9441 	EXP 	Transparent: autoDraw = False
120.9441 	EXP 	Loading_25: autoDraw = False
120.9441 	EXP 	text_25: autoDraw = False
120.9441 	EXP 	Loading_50: autoDraw = False
120.9441 	EXP 	text_50: autoDraw = False
120.9441 	EXP 	Loading_75: autoDraw = False
120.9441 	EXP 	text_75: autoDraw = False
120.9441 	EXP 	Loading_100: autoDraw = False
120.9441 	EXP 	text_100: autoDraw = False
120.9441 	EXP 	Youhavematched: text = 'You have matched with: Sam'
120.9441 	EXP 	partneremoji_image: image = 'Images/nerdemoji_nobackground.png'
120.9441 	EXP 	Youhavematched: autoDraw = False
120.9441 	EXP 	partneremoji_image: autoDraw = False
120.9441 	EXP 	PressToContinue: autoDraw = False
120.9441 	EXP 	participantimage_image: image = 'Participant_Images/101_Image_17.jpg'
120.9441 	EXP 	photobeingshared_text: autoDraw = True
120.9441 	EXP 	waitforfeedback_text: autoDraw = True
120.9441 	EXP 	participantimage_image: autoDraw = True
123.7680 	EXP 	photobeingshared_text: autoDraw = False
123.7680 	EXP 	waitforfeedback_text: autoDraw = False
123.7680 	EXP 	participantimage_image: autoDraw = False
123.7680 	EXP 	waiting_text: autoDraw = True
128.7687 	EXP 	waiting_text: autoDraw = False
128.7687 	EXP 	displayfeedback_text: height = 0.12
128.7687 	EXP 	displayfeedback_text: height = 0.12
128.7687 	EXP 	displayfeedback_text: height = 0.12
128.7687 	EXP 	displayfeedback_text: text = 'Sam liked your photo'
128.7687 	EXP 	fdbkimage_image: image = 'Images/thumbsup.tiff'
128.7687 	EXP 	displayfeedback_text: autoDraw = True
128.7687 	EXP 	fdbkimage_image: autoDraw = True
131.7679 	EXP 	displayfeedback_text: autoDraw = False
131.7679 	EXP 	fdbkimage_image: autoDraw = False
131.7679 	EXP 	presstosharenextphoto_text: autoDraw = True
132.5018 	EXP 	Created sequence: random, trialTypes=1, nReps=0, seed=None
132.5038 	DATA 	Keypress: space
132.5142 	EXP 	New trial (rep=0, index=6): OrderedDict([('TrialNumber', 7), ('Partner', 'Sam'), ('Condition', 'Acc'), ('Photos', 'Participant_Images/101_Image_8.jpg'), ('Feedback', 'liked')])
132.7855 	EXP 	presstosharenextphoto_text: autoDraw = False
132.7855 	EXP 	slider: markerPos = 3
132.7855 	EXP 	saliencequestion_text: text = 'How likely are you to share photos with Sam in the future? \n Use your mouse or left and right arrows to move the arrow to your desired rating.'
132.7855 	EXP 	salienceavatar_image: image = 'Images/nerdemoji_nobackground.png'
132.7855 	EXP 	saliencequestion_text: autoDraw = False
132.7855 	EXP 	salienceavatar_image: autoDraw = False
132.7855 	EXP 	saliencecontinue_text: autoDraw = False
132.7855 	EXP 	Match_text: autoDraw = False
132.7855 	EXP 	syncing_text: autoDraw = False
132.7855 	EXP 	text_0: autoDraw = False
132.7855 	EXP 	Transparent: autoDraw = False
132.7855 	EXP 	Loading_25: autoDraw = False
132.7855 	EXP 	text_25: autoDraw = False
132.7855 	EXP 	Loading_50: autoDraw = False
132.7855 	EXP 	text_50: autoDraw = False
132.7855 	EXP 	Loading_75: autoDraw = False
132.7855 	EXP 	text_75: autoDraw = False
132.7855 	EXP 	Loading_100: autoDraw = False
132.7855 	EXP 	text_100: autoDraw = False
132.7855 	EXP 	Youhavematched: text = 'You have matched with: Sam'
132.7855 	EXP 	partneremoji_image: image = 'Images/nerdemoji_nobackground.png'
132.7855 	EXP 	Youhavematched: autoDraw = False
132.7855 	EXP 	partneremoji_image: autoDraw = False
132.7855 	EXP 	PressToContinue: autoDraw = False
132.7855 	EXP 	participantimage_image: image = 'Participant_Images/101_Image_8.jpg'
132.7855 	EXP 	photobeingshared_text: autoDraw = True
132.7855 	EXP 	waitforfeedback_text: autoDraw = True
132.7855 	EXP 	participantimage_image: autoDraw = True
135.5511 	EXP 	photobeingshared_text: autoDraw = False
135.5511 	EXP 	waitforfeedback_text: autoDraw = False
135.5511 	EXP 	participantimage_image: autoDraw = False
135.5511 	EXP 	waiting_text: autoDraw = True
140.5518 	EXP 	waiting_text: autoDraw = False
140.5518 	EXP 	displayfeedback_text: text = 'Sam liked your photo'
140.5518 	EXP 	fdbkimage_image: image = 'Images/thumbsup.tiff'
140.5518 	EXP 	displayfeedback_text: autoDraw = True
140.5518 	EXP 	fdbkimage_image: autoDraw = True
143.5512 	EXP 	displayfeedback_text: autoDraw = False
143.5512 	EXP 	fdbkimage_image: autoDraw = False
143.5512 	EXP 	presstosharenextphoto_text: autoDraw = True
144.0695 	EXP 	Created sequence: random, trialTypes=1, nReps=0, seed=None
144.0717 	DATA 	Keypress: space
144.0823 	EXP 	New trial (rep=0, index=7): OrderedDict([('TrialNumber', 8), ('Partner', 'Sam'), ('Condition', 'Acc'), ('Photos', 'Participant_Images/101_Image_6.jpg'), ('Feedback', 'liked')])
144.3105 	EXP 	presstosharenextphoto_text: autoDraw = False
144.3105 	EXP 	slider: markerPos = 3
144.3105 	EXP 	saliencequestion_text: text = 'How likely are you to share photos with Sam in the future? \n Use your mouse or left and right arrows to move the arrow to your desired rating.'
144.3105 	EXP 	salienceavatar_image: image = 'Images/nerdemoji_nobackground.png'
144.3105 	EXP 	saliencequestion_text: autoDraw = False
144.3105 	EXP 	salienceavatar_image: autoDraw = False
144.3105 	EXP 	saliencecontinue_text: autoDraw = False
144.3105 	EXP 	Match_text: autoDraw = False
144.3105 	EXP 	syncing_text: autoDraw = False
144.3105 	EXP 	text_0: autoDraw = False
144.3105 	EXP 	Transparent: autoDraw = False
144.3105 	EXP 	Loading_25: autoDraw = False
144.3105 	EXP 	text_25: autoDraw = False
144.3105 	EXP 	Loading_50: autoDraw = False
144.3105 	EXP 	text_50: autoDraw = False
144.3105 	EXP 	Loading_75: autoDraw = False
144.3105 	EXP 	text_75: autoDraw = False
144.3105 	EXP 	Loading_100: autoDraw = False
144.3105 	EXP 	text_100: autoDraw = False
144.3105 	EXP 	Youhavematched: text = 'You have matched with: Sam'
144.3105 	EXP 	partneremoji_image: image = 'Images/nerdemoji_nobackground.png'
144.3105 	EXP 	Youhavematched: autoDraw = False
144.3105 	EXP 	partneremoji_image: autoDraw = False
144.3105 	EXP 	PressToContinue: autoDraw = False
144.3105 	EXP 	participantimage_image: image = 'Participant_Images/101_Image_6.jpg'
144.3105 	EXP 	photobeingshared_text: autoDraw = True
144.3105 	EXP 	waitforfeedback_text: autoDraw = True
144.3105 	EXP 	participantimage_image: autoDraw = True
147.1180 	EXP 	photobeingshared_text: autoDraw = False
147.1180 	EXP 	waitforfeedback_text: autoDraw = False
147.1180 	EXP 	participantimage_image: autoDraw = False
147.1180 	EXP 	waiting_text: autoDraw = True
152.1183 	EXP 	waiting_text: autoDraw = False
152.1183 	EXP 	displayfeedback_text: text = 'Sam liked your photo'
152.1183 	EXP 	fdbkimage_image: image = 'Images/thumbsup.tiff'
152.1183 	EXP 	displayfeedback_text: autoDraw = True
152.1183 	EXP 	fdbkimage_image: autoDraw = True
155.1183 	EXP 	displayfeedback_text: autoDraw = False
155.1183 	EXP 	fdbkimage_image: autoDraw = False
155.1183 	EXP 	presstosharenextphoto_text: autoDraw = True
155.8690 	EXP 	Created sequence: random, trialTypes=1, nReps=0, seed=None
155.8712 	DATA 	Keypress: space
155.8836 	EXP 	New trial (rep=0, index=8): OrderedDict([('TrialNumber', 9), ('Partner', 'Sam'), ('Condition', 'Acc'), ('Photos', 'Participant_Images/101_Image_19.jpg'), ('Feedback', 'disliked')])
156.1348 	EXP 	presstosharenextphoto_text: autoDraw = False
156.1348 	EXP 	slider: markerPos = 3
156.1348 	EXP 	saliencequestion_text: text = 'How likely are you to share photos with Sam in the future? \n Use your mouse or left and right arrows to move the arrow to your desired rating.'
156.1348 	EXP 	salienceavatar_image: image = 'Images/nerdemoji_nobackground.png'
156.1348 	EXP 	saliencequestion_text: autoDraw = False
156.1348 	EXP 	salienceavatar_image: autoDraw = False
156.1348 	EXP 	saliencecontinue_text: autoDraw = False
156.1348 	EXP 	Match_text: autoDraw = False
156.1348 	EXP 	syncing_text: autoDraw = False
156.1348 	EXP 	text_0: autoDraw = False
156.1348 	EXP 	Transparent: autoDraw = False
156.1348 	EXP 	Loading_25: autoDraw = False
156.1348 	EXP 	text_25: autoDraw = False
156.1348 	EXP 	Loading_50: autoDraw = False
156.1348 	EXP 	text_50: autoDraw = False
156.1348 	EXP 	Loading_75: autoDraw = False
156.1348 	EXP 	text_75: autoDraw = False
156.1348 	EXP 	Loading_100: autoDraw = False
156.1348 	EXP 	text_100: autoDraw = False
156.1348 	EXP 	Youhavematched: text = 'You have matched with: Sam'
156.1348 	EXP 	partneremoji_image: image = 'Images/nerdemoji_nobackground.png'
156.1348 	EXP 	Youhavematched: autoDraw = False
156.1348 	EXP 	partneremoji_image: autoDraw = False
156.1348 	EXP 	PressToContinue: autoDraw = False
156.1348 	EXP 	participantimage_image: image = 'Participant_Images/101_Image_19.jpg'
156.1348 	EXP 	photobeingshared_text: autoDraw = True
156.1348 	EXP 	waitforfeedback_text: autoDraw = True
156.1348 	EXP 	participantimage_image: autoDraw = True
158.9182 	EXP 	photobeingshared_text: autoDraw = False
158.9182 	EXP 	waitforfeedback_text: autoDraw = False
158.9182 	EXP 	participantimage_image: autoDraw = False
158.9182 	EXP 	waiting_text: autoDraw = True
163.9184 	EXP 	waiting_text: autoDraw = False
163.9184 	EXP 	displayfeedback_text: height = 0.12
163.9184 	EXP 	displayfeedback_text: height = 0.12
163.9184 	EXP 	displayfeedback_text: height = 0.12
163.9184 	EXP 	displayfeedback_text: text = 'Sam disliked your photo'
163.9184 	EXP 	fdbkimage_image: image = 'Images/thumbsdown.tiff'
163.9184 	EXP 	displayfeedback_text: autoDraw = True
163.9184 	EXP 	fdbkimage_image: autoDraw = True
166.9180 	EXP 	displayfeedback_text: autoDraw = False
166.9180 	EXP 	fdbkimage_image: autoDraw = False
166.9180 	EXP 	presstosharenextphoto_text: autoDraw = True
167.5034 	EXP 	Created sequence: random, trialTypes=1, nReps=0, seed=None
167.5056 	DATA 	Keypress: space
167.5180 	EXP 	New trial (rep=0, index=9): OrderedDict([('TrialNumber', 10), ('Partner', 'Sam'), ('Condition', 'Acc'), ('Photos', 'Participant_Images/101_Image_18.jpg'), ('Feedback', 'liked')])
167.7582 	EXP 	presstosharenextphoto_text: autoDraw = False
167.7582 	EXP 	slider: markerPos = 3
167.7582 	EXP 	saliencequestion_text: text = 'How likely are you to share photos with Sam in the future? \n Use your mouse or left and right arrows to move the arrow to your desired rating.'
167.7582 	EXP 	salienceavatar_image: image = 'Images/nerdemoji_nobackground.png'
167.7582 	EXP 	saliencequestion_text: autoDraw = False
167.7582 	EXP 	salienceavatar_image: autoDraw = False
167.7582 	EXP 	saliencecontinue_text: autoDraw = False
167.7582 	EXP 	Match_text: autoDraw = False
167.7582 	EXP 	syncing_text: autoDraw = False
167.7582 	EXP 	text_0: autoDraw = False
167.7582 	EXP 	Transparent: autoDraw = False
167.7582 	EXP 	Loading_25: autoDraw = False
167.7582 	EXP 	text_25: autoDraw = False
167.7582 	EXP 	Loading_50: autoDraw = False
167.7582 	EXP 	text_50: autoDraw = False
167.7582 	EXP 	Loading_75: autoDraw = False
167.7582 	EXP 	text_75: autoDraw = False
167.7582 	EXP 	Loading_100: autoDraw = False
167.7582 	EXP 	text_100: autoDraw = False
167.7582 	EXP 	Youhavematched: text = 'You have matched with: Sam'
167.7582 	EXP 	partneremoji_image: image = 'Images/nerdemoji_nobackground.png'
167.7582 	EXP 	Youhavematched: autoDraw = False
167.7582 	EXP 	partneremoji_image: autoDraw = False
167.7582 	EXP 	PressToContinue: autoDraw = False
167.7582 	EXP 	participantimage_image: image = 'Participant_Images/101_Image_18.jpg'
167.7582 	EXP 	photobeingshared_text: autoDraw = True
167.7582 	EXP 	waitforfeedback_text: autoDraw = True
167.7582 	EXP 	participantimage_image: autoDraw = True
170.5514 	EXP 	photobeingshared_text: autoDraw = False
170.5514 	EXP 	waitforfeedback_text: autoDraw = False
170.5514 	EXP 	participantimage_image: autoDraw = False
170.5514 	EXP 	waiting_text: autoDraw = True
175.5525 	EXP 	waiting_text: autoDraw = False
175.5525 	EXP 	displayfeedback_text: height = 0.12
175.5525 	EXP 	displayfeedback_text: height = 0.12
175.5525 	EXP 	displayfeedback_text: height = 0.12
175.5525 	EXP 	displayfeedback_text: text = 'Sam liked your photo'
175.5525 	EXP 	fdbkimage_image: image = 'Images/thumbsup.tiff'
175.5525 	EXP 	displayfeedback_text: autoDraw = True
175.5525 	EXP 	fdbkimage_image: autoDraw = True
178.5354 	EXP 	Created sequence: random, trialTypes=1, nReps=1, seed=None
178.5356 	EXP 	New trial (rep=0, index=0): None
178.5509 	EXP 	displayfeedback_text: autoDraw = False
178.5509 	EXP 	fdbkimage_image: autoDraw = False
178.5509 	EXP 	presstosharenextphoto_text: autoDraw = False
178.5509 	EXP 	lotterychoice_text: autoDraw = True
178.5509 	EXP 	computer_text: autoDraw = True
178.5509 	EXP 	self_text: autoDraw = True
179.7733 	DATA 	Keypress: s
181.5358 	EXP 	Created sequence: random, trialTypes=1, nReps=0, seed=None
181.5362 	EXP 	Created sequence: random, trialTypes=1, nReps=1, seed=None
181.5364 	EXP 	New trial (rep=0, index=0): None
181.5549 	EXP 	lotterychoice_text: autoDraw = False
181.5549 	EXP 	computer_text: autoDraw = False
181.5549 	EXP 	self_text: autoDraw = False
181.5549 	EXP 	lotterychoice_text: autoDraw = False
181.5549 	EXP 	computer_text: autoDraw = False
181.5549 	EXP 	self_text: autoDraw = False
181.5549 	EXP 	responsefeedback: height = 0.07
181.5549 	EXP 	responsefeedback: height = 0.07
181.5549 	EXP 	responsefeedback: height = 0.07
181.5549 	EXP 	responsefeedback: text = ' '
181.5549 	EXP 	pickacard_text: autoDraw = True
181.5549 	EXP 	higher_text: autoDraw = True
181.5549 	EXP 	lower_text: autoDraw = True
181.5549 	EXP 	responsefeedback: height = 0.07
181.5549 	EXP 	responsefeedback: height = 0.07
181.5549 	EXP 	responsefeedback: height = 0.07
181.5549 	EXP 	responsefeedback: text = 'No response recorded.'
181.5549 	EXP 	block1_cardimage: autoDraw = True
181.5682 	EXP 	responsefeedback: text = 'No response recorded.'
181.5845 	EXP 	responsefeedback: text = 'No response recorded.'
181.6013 	EXP 	responsefeedback: text = 'No response recorded.'
181.6179 	EXP 	responsefeedback: text = 'No response recorded.'
181.6351 	EXP 	responsefeedback: text = 'No response recorded.'
181.6512 	EXP 	responsefeedback: text = 'No response recorded.'
181.6682 	EXP 	responsefeedback: text = 'No response recorded.'
181.6843 	EXP 	responsefeedback: text = 'No response recorded.'
181.7016 	EXP 	responsefeedback: text = 'No response recorded.'
181.7178 	EXP 	responsefeedback: text = 'No response recorded.'
181.7348 	EXP 	responsefeedback: text = 'No response recorded.'
181.7512 	EXP 	responsefeedback: text = 'No response recorded.'
181.7680 	EXP 	responsefeedback: text = 'No response recorded.'
181.7844 	EXP 	responsefeedback: text = 'No response recorded.'
181.8013 	EXP 	responsefeedback: text = 'No response recorded.'
181.8176 	EXP 	responsefeedback: text = 'No response recorded.'
181.8346 	EXP 	responsefeedback: text = 'No response recorded.'
181.8507 	EXP 	responsefeedback: text = 'No response recorded.'
181.8683 	EXP 	responsefeedback: text = 'No response recorded.'
181.8844 	EXP 	responsefeedback: text = 'No response recorded.'
181.9014 	EXP 	responsefeedback: text = 'No response recorded.'
181.9179 	EXP 	responsefeedback: text = 'No response recorded.'
181.9347 	EXP 	responsefeedback: text = 'No response recorded.'
181.9512 	EXP 	responsefeedback: text = 'No response recorded.'
181.9684 	EXP 	responsefeedback: text = 'No response recorded.'
181.9844 	EXP 	responsefeedback: text = 'No response recorded.'
182.0013 	EXP 	responsefeedback: text = 'No response recorded.'
182.0180 	EXP 	responsefeedback: text = 'No response recorded.'
182.0351 	EXP 	responsefeedback: text = 'No response recorded.'
182.0512 	EXP 	responsefeedback: text = 'No response recorded.'
182.0679 	EXP 	responsefeedback: text = 'No response recorded.'
182.0848 	EXP 	responsefeedback: text = 'No response recorded.'
182.1011 	EXP 	responsefeedback: text = 'No response recorded.'
182.1181 	EXP 	responsefeedback: text = 'No response recorded.'
182.1348 	EXP 	responsefeedback: text = 'No response recorded.'
182.1516 	EXP 	responsefeedback: text = 'No response recorded.'
182.1678 	EXP 	responsefeedback: text = 'No response recorded.'
182.1849 	EXP 	responsefeedback: text = 'No response recorded.'
182.2014 	EXP 	responsefeedback: text = 'No response recorded.'
182.2184 	EXP 	responsefeedback: text = 'No response recorded.'
182.2352 	EXP 	responsefeedback: text = 'No response recorded.'
182.2514 	EXP 	responsefeedback: text = 'No response recorded.'
182.2682 	EXP 	responsefeedback: text = 'No response recorded.'
182.2850 	EXP 	responsefeedback: text = 'No response recorded.'
182.3014 	EXP 	responsefeedback: text = 'No response recorded.'
182.3182 	EXP 	responsefeedback: text = 'No response recorded.'
182.3348 	EXP 	responsefeedback: text = 'No response recorded.'
182.3517 	EXP 	responsefeedback: text = 'No response recorded.'
182.3681 	EXP 	responsefeedback: text = 'No response recorded.'
182.3847 	EXP 	responsefeedback: text = 'No response recorded.'
182.4015 	EXP 	responsefeedback: text = 'No response recorded.'
182.4183 	EXP 	responsefeedback: text = 'No response recorded.'
182.4348 	EXP 	responsefeedback: text = 'No response recorded.'
182.4515 	EXP 	responsefeedback: text = 'No response recorded.'
182.4682 	EXP 	responsefeedback: text = 'No response recorded.'
182.4847 	EXP 	responsefeedback: text = 'No response recorded.'
182.5014 	EXP 	responsefeedback: text = 'No response recorded.'
182.5179 	EXP 	responsefeedback: text = 'No response recorded.'
182.5347 	EXP 	responsefeedback: text = 'No response recorded.'
182.5513 	EXP 	responsefeedback: text = 'No response recorded.'
182.5681 	EXP 	responsefeedback: text = 'No response recorded.'
182.5846 	EXP 	responsefeedback: text = 'No response recorded.'
182.6013 	EXP 	responsefeedback: text = 'No response recorded.'
182.6178 	EXP 	responsefeedback: text = 'No response recorded.'
182.6346 	EXP 	responsefeedback: text = 'No response recorded.'
182.6513 	EXP 	responsefeedback: text = 'No response recorded.'
182.6680 	EXP 	responsefeedback: text = 'No response recorded.'
182.6845 	EXP 	responsefeedback: text = 'No response recorded.'
182.7013 	EXP 	responsefeedback: text = 'No response recorded.'
182.7179 	EXP 	responsefeedback: text = 'No response recorded.'
182.7342 	EXP 	responsefeedback: text = 'No response recorded.'
182.7512 	EXP 	responsefeedback: text = 'No response recorded.'
182.7678 	EXP 	responsefeedback: text = 'No response recorded.'
182.7844 	EXP 	responsefeedback: text = 'No response recorded.'
182.8012 	EXP 	responsefeedback: text = 'No response recorded.'
182.8181 	EXP 	responsefeedback: text = 'No response recorded.'
182.8350 	EXP 	responsefeedback: text = 'No response recorded.'
182.8513 	EXP 	responsefeedback: text = 'No response recorded.'
182.8682 	EXP 	responsefeedback: text = 'No response recorded.'
182.8841 	EXP 	responsefeedback: text = 'No response recorded.'
182.9018 	EXP 	responsefeedback: text = 'No response recorded.'
182.9180 	EXP 	responsefeedback: text = 'No response recorded.'
182.9347 	EXP 	responsefeedback: text = 'No response recorded.'
182.9512 	EXP 	responsefeedback: text = 'No response recorded.'
182.9684 	EXP 	responsefeedback: text = 'No response recorded.'
182.9847 	EXP 	responsefeedback: text = 'No response recorded.'
183.0018 	EXP 	responsefeedback: text = 'No response recorded.'
183.0179 	EXP 	responsefeedback: text = 'No response recorded.'
183.0351 	EXP 	responsefeedback: text = 'No response recorded.'
183.0458 	DATA 	Keypress: h
183.0532 	EXP 	responsefeedback: height = 0.07
183.0532 	EXP 	responsefeedback: height = 0.07
183.0532 	EXP 	responsefeedback: height = 0.07
183.0532 	EXP 	responsefeedback: text = 'You have chosen higher.'
183.0681 	EXP 	responsefeedback: text = 'You have chosen higher.'
183.0844 	EXP 	responsefeedback: text = 'You have chosen higher.'
183.1012 	EXP 	responsefeedback: text = 'You have chosen higher.'
183.1176 	EXP 	responsefeedback: text = 'You have chosen higher.'
183.1344 	EXP 	responsefeedback: text = 'You have chosen higher.'
183.1512 	EXP 	responsefeedback: text = 'You have chosen higher.'
183.1678 	EXP 	responsefeedback: text = 'You have chosen higher.'
183.1842 	EXP 	responsefeedback: text = 'You have chosen higher.'
183.2014 	EXP 	responsefeedback: text = 'You have chosen higher.'
183.2178 	EXP 	responsefeedback: text = 'You have chosen higher.'
183.2347 	EXP 	responsefeedback: text = 'You have chosen higher.'
183.2511 	EXP 	responsefeedback: text = 'You have chosen higher.'
183.2678 	EXP 	responsefeedback: text = 'You have chosen higher.'
183.2846 	EXP 	responsefeedback: text = 'You have chosen higher.'
183.3015 	EXP 	responsefeedback: text = 'You have chosen higher.'
183.3180 	EXP 	responsefeedback: text = 'You have chosen higher.'
183.3346 	EXP 	responsefeedback: text = 'You have chosen higher.'
183.3514 	EXP 	responsefeedback: text = 'You have chosen higher.'
183.3680 	EXP 	responsefeedback: text = 'You have chosen higher.'
183.3845 	EXP 	responsefeedback: text = 'You have chosen higher.'
183.4015 	EXP 	responsefeedback: text = 'You have chosen higher.'
183.4178 	EXP 	responsefeedback: text = 'You have chosen higher.'
183.4346 	EXP 	responsefeedback: text = 'You have chosen higher.'
183.4513 	EXP 	responsefeedback: text = 'You have chosen higher.'
183.4685 	EXP 	responsefeedback: text = 'You have chosen higher.'
183.4845 	EXP 	responsefeedback: text = 'You have chosen higher.'
183.5014 	EXP 	responsefeedback: text = 'You have chosen higher.'
183.5180 	EXP 	responsefeedback: text = 'You have chosen higher.'
183.5349 	EXP 	responsefeedback: text = 'You have chosen higher.'
183.5512 	EXP 	responsefeedback: text = 'You have chosen higher.'
183.5682 	EXP 	responsefeedback: text = 'You have chosen higher.'
183.5844 	EXP 	responsefeedback: text = 'You have chosen higher.'
183.6018 	EXP 	responsefeedback: text = 'You have chosen higher.'
183.6182 	EXP 	responsefeedback: text = 'You have chosen higher.'
183.6349 	EXP 	responsefeedback: text = 'You have chosen higher.'
183.6512 	EXP 	responsefeedback: text = 'You have chosen higher.'
183.6689 	EXP 	responsefeedback: text = 'You have chosen higher.'
183.6849 	EXP 	responsefeedback: text = 'You have chosen higher.'
183.7014 	EXP 	responsefeedback: text = 'You have chosen higher.'
183.7178 	EXP 	responsefeedback: text = 'You have chosen higher.'
183.7349 	EXP 	responsefeedback: text = 'You have chosen higher.'
183.7511 	EXP 	responsefeedback: text = 'You have chosen higher.'
183.7682 	EXP 	responsefeedback: text = 'You have chosen higher.'
183.7847 	EXP 	responsefeedback: text = 'You have chosen higher.'
183.8020 	EXP 	responsefeedback: text = 'You have chosen higher.'
183.8176 	EXP 	responsefeedback: text = 'You have chosen higher.'
183.8350 	EXP 	responsefeedback: text = 'You have chosen higher.'
183.8515 	EXP 	responsefeedback: text = 'You have chosen higher.'
183.8683 	EXP 	responsefeedback: text = 'You have chosen higher.'
183.8846 	EXP 	responsefeedback: text = 'You have chosen higher.'
183.9017 	EXP 	responsefeedback: text = 'You have chosen higher.'
183.9177 	EXP 	responsefeedback: text = 'You have chosen higher.'
183.9351 	EXP 	responsefeedback: text = 'You have chosen higher.'
183.9511 	EXP 	responsefeedback: text = 'You have chosen higher.'
183.9682 	EXP 	responsefeedback: text = 'You have chosen higher.'
183.9845 	EXP 	responsefeedback: text = 'You have chosen higher.'
184.0017 	EXP 	responsefeedback: text = 'You have chosen higher.'
184.0182 	EXP 	responsefeedback: text = 'You have chosen higher.'
184.0348 	EXP 	responsefeedback: text = 'You have chosen higher.'
184.0510 	EXP 	responsefeedback: text = 'You have chosen higher.'
184.0686 	EXP 	responsefeedback: text = 'You have chosen higher.'
184.0846 	EXP 	responsefeedback: text = 'You have chosen higher.'
184.1016 	EXP 	responsefeedback: text = 'You have chosen higher.'
184.1179 	EXP 	responsefeedback: text = 'You have chosen higher.'
184.1351 	EXP 	responsefeedback: text = 'You have chosen higher.'
184.1517 	EXP 	responsefeedback: text = 'You have chosen higher.'
184.1680 	EXP 	responsefeedback: text = 'You have chosen higher.'
184.1846 	EXP 	responsefeedback: text = 'You have chosen higher.'
184.2021 	EXP 	responsefeedback: text = 'You have chosen higher.'
184.2177 	EXP 	responsefeedback: text = 'You have chosen higher.'
184.2348 	EXP 	responsefeedback: text = 'You have chosen higher.'
184.2514 	EXP 	responsefeedback: text = 'You have chosen higher.'
184.2683 	EXP 	responsefeedback: text = 'You have chosen higher.'
184.2844 	EXP 	responsefeedback: text = 'You have chosen higher.'
184.3016 	EXP 	responsefeedback: text = 'You have chosen higher.'
184.3178 	EXP 	responsefeedback: text = 'You have chosen higher.'
184.3351 	EXP 	responsefeedback: text = 'You have chosen higher.'
184.3511 	EXP 	responsefeedback: text = 'You have chosen higher.'
184.3680 	EXP 	responsefeedback: text = 'You have chosen higher.'
184.3844 	EXP 	responsefeedback: text = 'You have chosen higher.'
184.4016 	EXP 	responsefeedback: text = 'You have chosen higher.'
184.4178 	EXP 	responsefeedback: text = 'You have chosen higher.'
184.4350 	EXP 	responsefeedback: text = 'You have chosen higher.'
184.4511 	EXP 	responsefeedback: text = 'You have chosen higher.'
184.4683 	EXP 	responsefeedback: text = 'You have chosen higher.'
184.4845 	EXP 	responsefeedback: text = 'You have chosen higher.'
184.5021 	EXP 	responsefeedback: text = 'You have chosen higher.'
184.5177 	EXP 	responsefeedback: text = 'You have chosen higher.'
184.5351 	EXP 	responsefeedback: text = 'You have chosen higher.'
184.5511 	EXP 	responsefeedback: text = 'You have chosen higher.'
184.5684 	EXP 	responsefeedback: text = 'You have chosen higher.'
184.5844 	EXP 	responsefeedback: text = 'You have chosen higher.'
184.6014 	EXP 	responsefeedback: text = 'You have chosen higher.'
184.6179 	EXP 	responsefeedback: text = 'You have chosen higher.'
184.6347 	EXP 	responsefeedback: text = 'You have chosen higher.'
184.6510 	EXP 	responsefeedback: text = 'You have chosen higher.'
184.6681 	EXP 	responsefeedback: text = 'You have chosen higher.'
184.6853 	EXP 	responsefeedback: text = 'You have chosen higher.'
184.7019 	EXP 	responsefeedback: text = 'You have chosen higher.'
184.7176 	EXP 	responsefeedback: text = 'You have chosen higher.'
184.7349 	EXP 	responsefeedback: text = 'You have chosen higher.'
184.7516 	EXP 	responsefeedback: text = 'You have chosen higher.'
184.7682 	EXP 	responsefeedback: text = 'You have chosen higher.'
184.7844 	EXP 	responsefeedback: text = 'You have chosen higher.'
184.8017 	EXP 	responsefeedback: text = 'You have chosen higher.'
184.8178 	EXP 	responsefeedback: text = 'You have chosen higher.'
184.8349 	EXP 	responsefeedback: text = 'You have chosen higher.'
184.8511 	EXP 	responsefeedback: text = 'You have chosen higher.'
184.8683 	EXP 	responsefeedback: text = 'You have chosen higher.'
184.8847 	EXP 	responsefeedback: text = 'You have chosen higher.'
184.9014 	EXP 	responsefeedback: text = 'You have chosen higher.'
184.9181 	EXP 	responsefeedback: text = 'You have chosen higher.'
184.9348 	EXP 	responsefeedback: text = 'You have chosen higher.'
184.9512 	EXP 	responsefeedback: text = 'You have chosen higher.'
184.9679 	EXP 	responsefeedback: text = 'You have chosen higher.'
184.9849 	EXP 	responsefeedback: text = 'You have chosen higher.'
185.0018 	EXP 	responsefeedback: text = 'You have chosen higher.'
185.0183 	EXP 	responsefeedback: text = 'You have chosen higher.'
185.0346 	EXP 	responsefeedback: text = 'You have chosen higher.'
185.0511 	EXP 	responsefeedback: text = 'You have chosen higher.'
185.0682 	EXP 	responsefeedback: text = 'You have chosen higher.'
185.0847 	EXP 	responsefeedback: text = 'You have chosen higher.'
185.1014 	EXP 	responsefeedback: text = 'You have chosen higher.'
185.1178 	EXP 	responsefeedback: text = 'You have chosen higher.'
185.1349 	EXP 	responsefeedback: text = 'You have chosen higher.'
185.1512 	EXP 	responsefeedback: text = 'You have chosen higher.'
185.1685 	EXP 	responsefeedback: text = 'You have chosen higher.'
185.1849 	EXP 	responsefeedback: text = 'You have chosen higher.'
185.2017 	EXP 	responsefeedback: text = 'You have chosen higher.'
185.2178 	EXP 	responsefeedback: text = 'You have chosen higher.'
185.2348 	EXP 	responsefeedback: text = 'You have chosen higher.'
185.2512 	EXP 	responsefeedback: text = 'You have chosen higher.'
185.2684 	EXP 	responsefeedback: text = 'You have chosen higher.'
185.2846 	EXP 	responsefeedback: text = 'You have chosen higher.'
185.3015 	EXP 	responsefeedback: text = 'You have chosen higher.'
185.3178 	EXP 	responsefeedback: text = 'You have chosen higher.'
185.3352 	EXP 	responsefeedback: text = 'You have chosen higher.'
185.3516 	EXP 	responsefeedback: text = 'You have chosen higher.'
185.3683 	EXP 	responsefeedback: text = 'You have chosen higher.'
185.3850 	EXP 	responsefeedback: text = 'You have chosen higher.'
185.4019 	EXP 	responsefeedback: text = 'You have chosen higher.'
185.4180 	EXP 	responsefeedback: text = 'You have chosen higher.'
185.4346 	EXP 	responsefeedback: text = 'You have chosen higher.'
185.4515 	EXP 	responsefeedback: text = 'You have chosen higher.'
185.4680 	EXP 	responsefeedback: text = 'You have chosen higher.'
185.4850 	EXP 	responsefeedback: text = 'You have chosen higher.'
185.5013 	EXP 	responsefeedback: text = 'You have chosen higher.'
185.5182 	EXP 	responsefeedback: text = 'You have chosen higher.'
185.5348 	EXP 	responsefeedback: text = 'You have chosen higher.'
185.5348 	EXP 	responsefeedback: autoDraw = True
185.5515 	EXP 	responsefeedback: text = 'You have chosen higher.'
185.5680 	EXP 	responsefeedback: text = 'You have chosen higher.'
185.5850 	EXP 	responsefeedback: text = 'You have chosen higher.'
185.6016 	EXP 	responsefeedback: text = 'You have chosen higher.'
185.6185 	EXP 	responsefeedback: text = 'You have chosen higher.'
185.6346 	EXP 	responsefeedback: text = 'You have chosen higher.'
185.6514 	EXP 	responsefeedback: text = 'You have chosen higher.'
185.6681 	EXP 	responsefeedback: text = 'You have chosen higher.'
185.6849 	EXP 	responsefeedback: text = 'You have chosen higher.'
185.7015 	EXP 	responsefeedback: text = 'You have chosen higher.'
185.7180 	EXP 	responsefeedback: text = 'You have chosen higher.'
185.7347 	EXP 	responsefeedback: text = 'You have chosen higher.'
185.7515 	EXP 	responsefeedback: text = 'You have chosen higher.'
185.7681 	EXP 	responsefeedback: text = 'You have chosen higher.'
185.7851 	EXP 	responsefeedback: text = 'You have chosen higher.'
185.8017 	EXP 	responsefeedback: text = 'You have chosen higher.'
185.8180 	EXP 	responsefeedback: text = 'You have chosen higher.'
185.8349 	EXP 	responsefeedback: text = 'You have chosen higher.'
185.8513 	EXP 	responsefeedback: text = 'You have chosen higher.'
185.8682 	EXP 	responsefeedback: text = 'You have chosen higher.'
185.8848 	EXP 	responsefeedback: text = 'You have chosen higher.'
185.9014 	EXP 	responsefeedback: text = 'You have chosen higher.'
185.9179 	EXP 	responsefeedback: text = 'You have chosen higher.'
185.9347 	EXP 	responsefeedback: text = 'You have chosen higher.'
185.9512 	EXP 	responsefeedback: text = 'You have chosen higher.'
185.9686 	EXP 	responsefeedback: text = 'You have chosen higher.'
185.9844 	EXP 	responsefeedback: text = 'You have chosen higher.'
186.0015 	EXP 	responsefeedback: text = 'You have chosen higher.'
186.0179 	EXP 	responsefeedback: text = 'You have chosen higher.'
186.0351 	EXP 	responsefeedback: text = 'You have chosen higher.'
186.0513 	EXP 	responsefeedback: text = 'You have chosen higher.'
186.0681 	EXP 	responsefeedback: text = 'You have chosen higher.'
186.0844 	EXP 	responsefeedback: text = 'You have chosen higher.'
186.1013 	EXP 	responsefeedback: text = 'You have chosen higher.'
186.1178 	EXP 	responsefeedback: text = 'You have chosen higher.'
186.1350 	EXP 	responsefeedback: text = 'You have chosen higher.'
186.1512 	EXP 	responsefeedback: text = 'You have chosen higher.'
186.1681 	EXP 	responsefeedback: text = 'You have chosen higher.'
186.1845 	EXP 	responsefeedback: text = 'You have chosen higher.'
186.2014 	EXP 	responsefeedback: text = 'You have chosen higher.'
186.2177 	EXP 	responsefeedback: text = 'You have chosen higher.'
186.2349 	EXP 	responsefeedback: text = 'You have chosen higher.'
186.2511 	EXP 	responsefeedback: text = 'You have chosen higher.'
186.2678 	EXP 	responsefeedback: text = 'You have chosen higher.'
186.2847 	EXP 	responsefeedback: text = 'You have chosen higher.'
186.3017 	EXP 	responsefeedback: text = 'You have chosen higher.'
186.3183 	EXP 	responsefeedback: text = 'You have chosen higher.'
186.3347 	EXP 	responsefeedback: text = 'You have chosen higher.'
186.3511 	EXP 	responsefeedback: text = 'You have chosen higher.'
186.3683 	EXP 	responsefeedback: text = 'You have chosen higher.'
186.3844 	EXP 	responsefeedback: text = 'You have chosen higher.'
186.4019 	EXP 	responsefeedback: text = 'You have chosen higher.'
186.4178 	EXP 	responsefeedback: text = 'You have chosen higher.'
186.4348 	EXP 	responsefeedback: text = 'You have chosen higher.'
186.4511 	EXP 	responsefeedback: text = 'You have chosen higher.'
186.4684 	EXP 	responsefeedback: text = 'You have chosen higher.'
186.4846 	EXP 	responsefeedback: text = 'You have chosen higher.'
186.5017 	EXP 	responsefeedback: text = 'You have chosen higher.'
186.5177 	EXP 	responsefeedback: text = 'You have chosen higher.'
186.5348 	EXP 	responsefeedback: text = 'You have chosen higher.'
186.5513 	EXP 	responsefeedback: text = 'You have chosen higher.'
186.5681 	EXP 	responsefeedback: text = 'You have chosen higher.'
186.5845 	EXP 	responsefeedback: text = 'You have chosen higher.'
186.6020 	EXP 	responsefeedback: text = 'You have chosen higher.'
186.6179 	EXP 	responsefeedback: text = 'You have chosen higher.'
186.6348 	EXP 	responsefeedback: text = 'You have chosen higher.'
186.6511 	EXP 	responsefeedback: text = 'You have chosen higher.'
186.6685 	EXP 	responsefeedback: text = 'You have chosen higher.'
186.6845 	EXP 	responsefeedback: text = 'You have chosen higher.'
186.7013 	EXP 	responsefeedback: text = 'You have chosen higher.'
186.7180 	EXP 	responsefeedback: text = 'You have chosen higher.'
186.7345 	EXP 	responsefeedback: text = 'You have chosen higher.'
186.7511 	EXP 	responsefeedback: text = 'You have chosen higher.'
186.7684 	EXP 	responsefeedback: text = 'You have chosen higher.'
186.7847 	EXP 	responsefeedback: text = 'You have chosen higher.'
186.8014 	EXP 	responsefeedback: text = 'You have chosen higher.'
186.8182 	EXP 	responsefeedback: text = 'You have chosen higher.'
186.8345 	EXP 	responsefeedback: text = 'You have chosen higher.'
186.8510 	EXP 	responsefeedback: text = 'You have chosen higher.'
186.8686 	EXP 	responsefeedback: text = 'You have chosen higher.'
186.8846 	EXP 	responsefeedback: text = 'You have chosen higher.'
186.9015 	EXP 	responsefeedback: text = 'You have chosen higher.'
186.9178 	EXP 	responsefeedback: text = 'You have chosen higher.'
186.9354 	EXP 	responsefeedback: text = 'You have chosen higher.'
186.9514 	EXP 	responsefeedback: text = 'You have chosen higher.'
186.9680 	EXP 	responsefeedback: text = 'You have chosen higher.'
186.9846 	EXP 	responsefeedback: text = 'You have chosen higher.'
187.0019 	EXP 	responsefeedback: text = 'You have chosen higher.'
187.0179 	EXP 	responsefeedback: text = 'You have chosen higher.'
187.0353 	EXP 	responsefeedback: text = 'You have chosen higher.'
187.0511 	EXP 	responsefeedback: text = 'You have chosen higher.'
187.0685 	EXP 	responsefeedback: text = 'You have chosen higher.'
187.0845 	EXP 	responsefeedback: text = 'You have chosen higher.'
187.1017 	EXP 	responsefeedback: text = 'You have chosen higher.'
187.1177 	EXP 	responsefeedback: text = 'You have chosen higher.'
187.1350 	EXP 	responsefeedback: text = 'You have chosen higher.'
187.1512 	EXP 	responsefeedback: text = 'You have chosen higher.'
187.1690 	EXP 	responsefeedback: text = 'You have chosen higher.'
187.1845 	EXP 	responsefeedback: text = 'You have chosen higher.'
187.2011 	EXP 	responsefeedback: text = 'You have chosen higher.'
187.2178 	EXP 	responsefeedback: text = 'You have chosen higher.'
187.2349 	EXP 	responsefeedback: text = 'You have chosen higher.'
187.2511 	EXP 	responsefeedback: text = 'You have chosen higher.'
187.2678 	EXP 	responsefeedback: text = 'You have chosen higher.'
187.2845 	EXP 	responsefeedback: text = 'You have chosen higher.'
187.3021 	EXP 	responsefeedback: text = 'You have chosen higher.'
187.3179 	EXP 	responsefeedback: text = 'You have chosen higher.'
187.3347 	EXP 	responsefeedback: text = 'You have chosen higher.'
187.3512 	EXP 	responsefeedback: text = 'You have chosen higher.'
187.3679 	EXP 	responsefeedback: text = 'You have chosen higher.'
187.3842 	EXP 	responsefeedback: text = 'You have chosen higher.'
187.4019 	EXP 	responsefeedback: text = 'You have chosen higher.'
187.4176 	EXP 	responsefeedback: text = 'You have chosen higher.'
187.4352 	EXP 	responsefeedback: text = 'You have chosen higher.'
187.4512 	EXP 	responsefeedback: text = 'You have chosen higher.'
187.4683 	EXP 	responsefeedback: text = 'You have chosen higher.'
187.4844 	EXP 	responsefeedback: text = 'You have chosen higher.'
187.5017 	EXP 	responsefeedback: text = 'You have chosen higher.'
187.5179 	EXP 	responsefeedback: text = 'You have chosen higher.'
187.5355 	EXP 	responsefeedback: text = 'You have chosen higher.'
187.5510 	EXP 	responsefeedback: text = 'You have chosen higher.'
187.5684 	EXP 	responsefeedback: text = 'You have chosen higher.'
187.5844 	EXP 	responsefeedback: text = 'You have chosen higher.'
187.6017 	EXP 	responsefeedback: text = 'You have chosen higher.'
187.6178 	EXP 	responsefeedback: text = 'You have chosen higher.'
187.6351 	EXP 	responsefeedback: text = 'You have chosen higher.'
187.6509 	EXP 	responsefeedback: text = 'You have chosen higher.'
187.6684 	EXP 	responsefeedback: text = 'You have chosen higher.'
187.6843 	EXP 	responsefeedback: text = 'You have chosen higher.'
187.7019 	EXP 	responsefeedback: text = 'You have chosen higher.'
187.7177 	EXP 	responsefeedback: text = 'You have chosen higher.'
187.7349 	EXP 	responsefeedback: text = 'You have chosen higher.'
187.7511 	EXP 	responsefeedback: text = 'You have chosen higher.'
187.7683 	EXP 	responsefeedback: text = 'You have chosen higher.'
187.7844 	EXP 	responsefeedback: text = 'You have chosen higher.'
187.8017 	EXP 	responsefeedback: text = 'You have chosen higher.'
187.8176 	EXP 	responsefeedback: text = 'You have chosen higher.'
187.8349 	EXP 	responsefeedback: text = 'You have chosen higher.'
187.8511 	EXP 	responsefeedback: text = 'You have chosen higher.'
187.8681 	EXP 	responsefeedback: text = 'You have chosen higher.'
187.8844 	EXP 	responsefeedback: text = 'You have chosen higher.'
187.9014 	EXP 	responsefeedback: text = 'You have chosen higher.'
187.9176 	EXP 	responsefeedback: text = 'You have chosen higher.'
187.9348 	EXP 	responsefeedback: text = 'You have chosen higher.'
187.9513 	EXP 	responsefeedback: text = 'You have chosen higher.'
187.9687 	EXP 	responsefeedback: text = 'You have chosen higher.'
187.9843 	EXP 	responsefeedback: text = 'You have chosen higher.'
188.0016 	EXP 	responsefeedback: text = 'You have chosen higher.'
188.0176 	EXP 	responsefeedback: text = 'You have chosen higher.'
188.0347 	EXP 	responsefeedback: text = 'You have chosen higher.'
188.0508 	EXP 	responsefeedback: text = 'You have chosen higher.'
188.0687 	EXP 	responsefeedback: text = 'You have chosen higher.'
188.0845 	EXP 	responsefeedback: text = 'You have chosen higher.'
188.1015 	EXP 	responsefeedback: text = 'You have chosen higher.'
188.1180 	EXP 	responsefeedback: text = 'You have chosen higher.'
188.1350 	EXP 	responsefeedback: text = 'You have chosen higher.'
188.1516 	EXP 	responsefeedback: text = 'You have chosen higher.'
188.1683 	EXP 	responsefeedback: text = 'You have chosen higher.'
188.1845 	EXP 	responsefeedback: text = 'You have chosen higher.'
188.2017 	EXP 	responsefeedback: text = 'You have chosen higher.'
188.2177 	EXP 	responsefeedback: text = 'You have chosen higher.'
188.2349 	EXP 	responsefeedback: text = 'You have chosen higher.'
188.2511 	EXP 	responsefeedback: text = 'You have chosen higher.'
188.2684 	EXP 	responsefeedback: text = 'You have chosen higher.'
188.2841 	EXP 	responsefeedback: text = 'You have chosen higher.'
188.3015 	EXP 	responsefeedback: text = 'You have chosen higher.'
188.3178 	EXP 	responsefeedback: text = 'You have chosen higher.'
188.3346 	EXP 	responsefeedback: text = 'You have chosen higher.'
188.3511 	EXP 	responsefeedback: text = 'You have chosen higher.'
188.3679 	EXP 	responsefeedback: text = 'You have chosen higher.'
188.3844 	EXP 	responsefeedback: text = 'You have chosen higher.'
188.4014 	EXP 	responsefeedback: text = 'You have chosen higher.'
188.4181 	EXP 	responsefeedback: text = 'You have chosen higher.'
188.4346 	EXP 	responsefeedback: text = 'You have chosen higher.'
188.4507 	EXP 	responsefeedback: text = 'You have chosen higher.'
188.4681 	EXP 	responsefeedback: text = 'You have chosen higher.'
188.4843 	EXP 	responsefeedback: text = 'You have chosen higher.'
188.5018 	EXP 	responsefeedback: text = 'You have chosen higher.'
188.5177 	EXP 	responsefeedback: text = 'You have chosen higher.'
188.5348 	EXP 	responsefeedback: text = 'You have chosen higher.'
188.5510 	EXP 	responsefeedback: text = 'You have chosen higher.'
188.5684 	EXP 	responsefeedback: text = 'You have chosen higher.'
188.5845 	EXP 	responsefeedback: text = 'You have chosen higher.'
188.6015 	EXP 	responsefeedback: text = 'You have chosen higher.'
188.6177 	EXP 	responsefeedback: text = 'You have chosen higher.'
188.6349 	EXP 	responsefeedback: text = 'You have chosen higher.'
188.6512 	EXP 	responsefeedback: text = 'You have chosen higher.'
188.6681 	EXP 	responsefeedback: text = 'You have chosen higher.'
188.6847 	EXP 	responsefeedback: text = 'You have chosen higher.'
188.7020 	EXP 	responsefeedback: text = 'You have chosen higher.'
188.7182 	EXP 	responsefeedback: text = 'You have chosen higher.'
188.7350 	EXP 	responsefeedback: text = 'You have chosen higher.'
188.7514 	EXP 	responsefeedback: text = 'You have chosen higher.'
188.7682 	EXP 	responsefeedback: text = 'You have chosen higher.'
188.7848 	EXP 	responsefeedback: text = 'You have chosen higher.'
188.8011 	EXP 	responsefeedback: text = 'You have chosen higher.'
188.8180 	EXP 	responsefeedback: text = 'You have chosen higher.'
188.8349 	EXP 	responsefeedback: text = 'You have chosen higher.'
188.8514 	EXP 	responsefeedback: text = 'You have chosen higher.'
188.8686 	EXP 	responsefeedback: text = 'You have chosen higher.'
188.8843 	EXP 	responsefeedback: text = 'You have chosen higher.'
188.9013 	EXP 	responsefeedback: text = 'You have chosen higher.'
188.9179 	EXP 	responsefeedback: text = 'You have chosen higher.'
188.9352 	EXP 	responsefeedback: text = 'You have chosen higher.'
188.9513 	EXP 	responsefeedback: text = 'You have chosen higher.'
188.9684 	EXP 	responsefeedback: text = 'You have chosen higher.'
188.9849 	EXP 	responsefeedback: text = 'You have chosen higher.'
189.0015 	EXP 	responsefeedback: text = 'You have chosen higher.'
189.0180 	EXP 	responsefeedback: text = 'You have chosen higher.'
189.0357 	EXP 	responsefeedback: text = 'You have chosen higher.'
189.0515 	EXP 	responsefeedback: text = 'You have chosen higher.'
189.0687 	EXP 	responsefeedback: text = 'You have chosen higher.'
189.0847 	EXP 	responsefeedback: text = 'You have chosen higher.'
189.1019 	EXP 	responsefeedback: text = 'You have chosen higher.'
189.1180 	EXP 	responsefeedback: text = 'You have chosen higher.'
189.1351 	EXP 	responsefeedback: text = 'You have chosen higher.'
189.1514 	EXP 	responsefeedback: text = 'You have chosen higher.'
189.1687 	EXP 	responsefeedback: text = 'You have chosen higher.'
189.1848 	EXP 	responsefeedback: text = 'You have chosen higher.'
189.2016 	EXP 	responsefeedback: text = 'You have chosen higher.'
189.2185 	EXP 	responsefeedback: text = 'You have chosen higher.'
189.2349 	EXP 	responsefeedback: text = 'You have chosen higher.'
189.2513 	EXP 	responsefeedback: text = 'You have chosen higher.'
189.2679 	EXP 	responsefeedback: text = 'You have chosen higher.'
189.2846 	EXP 	responsefeedback: text = 'You have chosen higher.'
189.3012 	EXP 	responsefeedback: text = 'You have chosen higher.'
189.3180 	EXP 	responsefeedback: text = 'You have chosen higher.'
189.3350 	EXP 	responsefeedback: text = 'You have chosen higher.'
189.3513 	EXP 	responsefeedback: text = 'You have chosen higher.'
189.3681 	EXP 	responsefeedback: text = 'You have chosen higher.'
189.3845 	EXP 	responsefeedback: text = 'You have chosen higher.'
189.4017 	EXP 	responsefeedback: text = 'You have chosen higher.'
189.4180 	EXP 	responsefeedback: text = 'You have chosen higher.'
189.4348 	EXP 	responsefeedback: text = 'You have chosen higher.'
189.4509 	EXP 	responsefeedback: text = 'You have chosen higher.'
189.4683 	EXP 	responsefeedback: text = 'You have chosen higher.'
189.4847 	EXP 	responsefeedback: text = 'You have chosen higher.'
189.5015 	EXP 	responsefeedback: text = 'You have chosen higher.'
189.5176 	EXP 	responsefeedback: text = 'You have chosen higher.'
189.5352 	EXP 	responsefeedback: text = 'You have chosen higher.'
189.5352 	EXP 	responsefeedback: autoDraw = False
189.5512 	EXP 	pickacard_text: autoDraw = False
189.5512 	EXP 	higher_text: autoDraw = False
189.5512 	EXP 	lower_text: autoDraw = False
189.5512 	EXP 	responsefeedback: autoDraw = False
189.5512 	EXP 	block1_cardimage: autoDraw = False
189.5512 	EXP 	resumetext_text: text = 'Press space to resume sharing your photos.'
189.5512 	EXP 	resumetext_text: autoDraw = True
190.6205 	DATA 	Keypress: space
190.6645 	EXP 	resumetext_text: autoDraw = False
190.6645 	EXP 	slider: markerPos = 3
190.6645 	EXP 	saliencequestion_text: text = 'How likely are you to share photos with Sam in the future? \n Use your mouse or left and right arrows to move the arrow to your desired rating.'
190.6645 	EXP 	salienceavatar_image: image = 'Images/nerdemoji_nobackground.png'
190.6645 	EXP 	saliencequestion_text: autoDraw = True
190.6645 	EXP 	salienceavatar_image: autoDraw = True
190.6645 	EXP 	saliencecontinue_text: autoDraw = True
194.4000 	DATA 	Keypress: left
194.4094 	EXP 	slider: markerPos = 2
194.6947 	DATA 	Keypress: left
194.7195 	EXP 	slider: markerPos = 1
195.2689 	DATA 	Keypress: right
195.2868 	EXP 	slider: markerPos = 2
195.6095 	DATA 	Keypress: right
195.6199 	EXP 	slider: markerPos = 3
196.0694 	DATA 	Keypress: right
196.0864 	EXP 	slider: markerPos = 4
196.2789 	DATA 	Keypress: right
196.2888 	EXP 	slider: markerPos = 5
197.1871 	DATA 	Keypress: left
197.1970 	EXP 	slider: markerPos = 4
197.4678 	DATA 	Keypress: left
197.4920 	EXP 	slider: markerPos = 3
197.7877 	DATA 	Keypress: left
197.8161 	EXP 	slider: markerPos = 2
202.4046 	DATA 	Keypress: space
202.4176 	EXP 	New trial (rep=0, index=10): OrderedDict([('TrialNumber', 11), ('Partner', 'Sam'), ('Condition', 'Acc'), ('Photos', 'Participant_Images/101_Image_30.jpg'), ('Feedback', 'disliked')])
202.6868 	EXP 	saliencequestion_text: autoDraw = False
202.6868 	EXP 	salienceavatar_image: autoDraw = False
202.6868 	EXP 	saliencecontinue_text: autoDraw = False
202.6868 	EXP 	Match_text: autoDraw = False
202.6868 	EXP 	syncing_text: autoDraw = False
202.6868 	EXP 	text_0: autoDraw = False
202.6868 	EXP 	Transparent: autoDraw = False
202.6868 	EXP 	Loading_25: autoDraw = False
202.6868 	EXP 	text_25: autoDraw = False
202.6868 	EXP 	Loading_50: autoDraw = False
202.6868 	EXP 	text_50: autoDraw = False
202.6868 	EXP 	Loading_75: autoDraw = False
202.6868 	EXP 	text_75: autoDraw = False
202.6868 	EXP 	Loading_100: autoDraw = False
202.6868 	EXP 	text_100: autoDraw = False
202.6868 	EXP 	Youhavematched: text = 'You have matched with: Sam'
202.6868 	EXP 	partneremoji_image: image = 'Images/nerdemoji_nobackground.png'
202.6868 	EXP 	Youhavematched: autoDraw = False
202.6868 	EXP 	partneremoji_image: autoDraw = False
202.6868 	EXP 	PressToContinue: autoDraw = False
202.6868 	EXP 	participantimage_image: image = 'Participant_Images/101_Image_30.jpg'
202.6868 	EXP 	photobeingshared_text: autoDraw = True
202.6868 	EXP 	waitforfeedback_text: autoDraw = True
202.6868 	EXP 	participantimage_image: autoDraw = True
204.8389 	DATA 	Keypress: escape
205.1811 	EXP 	window1: mouseVisible = True
