1.6209 	WARNING 	We strongly recommend you activate the PTB sound engine in PsychoPy prefs as the preferred audio engine. Its timing is vastly superior. Your prefs are currently set to use ['sounddevice', 'PTB', 'pyo', 'pygame'] (in that order).
31.8363 	WARNING 	Couldn't measure a consistent frame rate!
  - Is your graphics card set to sync to vertical blank?
  - Are you running other processes on your computer?

31.8379 	EXP 	Created window1 = Window(allowGUI=True, allowStencil=False, autoLog=True, backendConf=UNKNOWN, bitsMode=UNKNOWN, blendMode='avg', bpc=(8, 8, 8), color=array([-1., -1., -1.]), colorSpace='rgb', depthBits=8, fullscr=<method-wrapper '__getattribute__' of attributeSetter object at 0x7fba92517910>, gamma=None, gammaErrorPolicy='raise', lms=UNKNOWN, monitor=<psychopy.monitors.calibTools.Monitor object at 0x7fba21222af0>, multiSample=False, name='window1', numSamples=2, pos=[360.0, 225.0], screen=0, size=array([2880, 1800]), stencilBits=0, stereo=False, units='norm', useFBO=True, useRetina=True, viewOri=0.0, viewPos=None, viewScale=None, waitBlanking=True, winType='pyglet')
31.8382 	EXP 	window1: mouseVisible = True
31.8383 	EXP 	window1: mouseVisible = True
31.8383 	EXP 	window1: Attempting to measure frame rate of screen (0) ...
31.8384 	EXP 	window1: recordFrameIntervals = False
32.0004 	EXP 	window1: recordFrameIntervals = True
33.3257 	WARNING 	t of last frame was 23.22ms (=1/43)
33.6673 	WARNING 	Couldn't measure a consistent frame rate!
  - Is your graphics card set to sync to vertical blank?
  - Are you running other processes on your computer?

38.8479 	EXP 	Created Welcome = TextStim(__class__=<class 'psychopy.visual.text.TextStim'>, alignHoriz=method-wrapper(...), alignText='center', alignVert=method-wrapper(...), anchorHoriz='center', anchorVert='center', antialias=True, autoDraw=False, autoLog=True, bold=False, color=array([1., 1., 1.]), colorSpace='rgb', contrast=1.0, depth=0.0, flipHoriz=False, flipVert=False, font='Open Sans', fontFiles=[], height=0.08, italic=False, languageStyle='LTR', name='Welcome', opacity=1.0, ori=0.0, pos=array([0., 0.]), rgb=UNKNOWN, text=str(...), units='norm', win=Window(...), wrapWidth=1)
39.8764 	EXP 	Created FirstInstructions = TextStim(__class__=<class 'psychopy.visual.text.TextStim'>, alignHoriz=method-wrapper(...), alignText='center', alignVert=method-wrapper(...), anchorHoriz='center', anchorVert='center', antialias=True, autoDraw=False, autoLog=True, bold=False, color=array([1., 1., 1.]), colorSpace='rgb', contrast=1.0, depth=0.0, flipHoriz=False, flipVert=False, font='Open Sans', fontFiles=[], height=0.08, italic=False, languageStyle='LTR', name='FirstInstructions', opacity=1.0, ori=0.0, pos=array([0., 0.]), rgb=UNKNOWN, text=str(...), units='norm', win=Window(...), wrapWidth=1)
40.8856 	EXP 	Created Match_text = TextStim(__class__=<class 'psychopy.visual.text.TextStim'>, alignHoriz=method-wrapper(...), alignText='center', alignVert=method-wrapper(...), anchorHoriz='center', anchorVert='center', antialias=True, autoDraw=False, autoLog=True, bold=False, color=array([1., 1., 1.]), colorSpace='rgb', contrast=1.0, depth=-1.0, flipHoriz=False, flipVert=False, font='Open Sans', fontFiles=[], height=0.08, italic=False, languageStyle='LTR', name='Match_text', opacity=1.0, ori=0.0, pos=array([0. , 0.3]), rgb=UNKNOWN, text=str(...), units='norm', win=Window(...), wrapWidth=1)
40.8929 	EXP 	Created syncing_text = TextStim(__class__=<class 'psychopy.visual.text.TextStim'>, alignHoriz=method-wrapper(...), alignText='center', alignVert=method-wrapper(...), anchorHoriz='center', anchorVert='center', antialias=True, autoDraw=False, autoLog=True, bold=False, color=array([1., 1., 1.]), colorSpace='rgb', contrast=1.0, depth=-2.0, flipHoriz=False, flipVert=False, font='Open Sans', fontFiles=[], height=0.12, italic=False, languageStyle='LTR', name='syncing_text', opacity=1.0, ori=0.0, pos=array([0. , 0.3]), rgb=UNKNOWN, text='Syncing…', units='norm', win=Window(...), wrapWidth=1)
40.8983 	EXP 	Created text_0 = TextStim(__class__=<class 'psychopy.visual.text.TextStim'>, alignHoriz=method-wrapper(...), alignText='center', alignVert=method-wrapper(...), anchorHoriz='center', anchorVert='center', antialias=True, autoDraw=False, autoLog=True, bold=False, color=array([1., 1., 1.]), colorSpace='rgb', contrast=1.0, depth=-3.0, flipHoriz=False, flipVert=False, font='Open Sans', fontFiles=[], height=0.1, italic=False, languageStyle='LTR', name='text_0', opacity=1.0, ori=0.0, pos=array([ 0. , -0.2]), rgb=UNKNOWN, text='0%', units='norm', win=Window(...), wrapWidth=1)
40.9031 	EXP 	Created Transparent = Rect(__class__=<class 'psychopy.visual.rect.Rect'>, anchor=('center', 'center'), autoDraw=False, autoLog=True, closeShape=True, color=method-wrapper(...), colorSpace='rgb', contrast=None, depth=-4.0, fillColor=array([0., 0., 0.]), fillColorSpace='rgb', fillRGB=array([0., 0., 0.]), interpolate=True, lineColor=array([1., 1., 1.]), lineColorSpace='rgb', lineRGB=array([1, 1, 1]), lineWidth=1.2, name='Transparent', opacity=1.0, ori=0.0, pos=array([0., 0.]), size=array([1. , 0.1]), units='norm', vertices=ndarray(...), win=Window(...))
40.9052 	EXP 	Created Loading_25 = Rect(__class__=<class 'psychopy.visual.rect.Rect'>, anchor=('center', 'center'), autoDraw=False, autoLog=True, closeShape=True, color=method-wrapper(...), colorSpace='rgb', contrast=None, depth=-5.0, fillColor=array([1, 1, 1]), fillColorSpace='rgb', fillRGB=array([1, 1, 1]), interpolate=True, lineColor=array([1., 1., 1.]), lineColorSpace='rgb', lineRGB=array([1, 1, 1]), lineWidth=1.0, name='Loading_25', opacity=1.0, ori=0.0, pos=array([-0.375,  0.   ]), size=array([0.25, 0.1 ]), units='norm', vertices=ndarray(...), win=Window(...))
40.9094 	EXP 	Created text_25 = TextStim(__class__=<class 'psychopy.visual.text.TextStim'>, alignHoriz=method-wrapper(...), alignText='center', alignVert=method-wrapper(...), anchorHoriz='center', anchorVert='center', antialias=True, autoDraw=False, autoLog=True, bold=False, color=array([1., 1., 1.]), colorSpace='rgb', contrast=1.0, depth=-6.0, flipHoriz=False, flipVert=False, font='Open Sans', fontFiles=[], height=0.1, italic=False, languageStyle='LTR', name='text_25', opacity=1.0, ori=0.0, pos=array([ 0. , -0.2]), rgb=UNKNOWN, text='25%', units='norm', win=Window(...), wrapWidth=1)
40.9114 	EXP 	Created Loading_50 = Rect(__class__=<class 'psychopy.visual.rect.Rect'>, anchor=('center', 'center'), autoDraw=False, autoLog=True, closeShape=True, color=method-wrapper(...), colorSpace='rgb', contrast=None, depth=-7.0, fillColor=array([1, 1, 1]), fillColorSpace='rgb', fillRGB=array([1, 1, 1]), interpolate=True, lineColor=array([1., 1., 1.]), lineColorSpace='rgb', lineRGB=array([1, 1, 1]), lineWidth=1.0, name='Loading_50', opacity=1.0, ori=0.0, pos=array([-0.25,  0.  ]), size=array([0.5, 0.1]), units='norm', vertices=ndarray(...), win=Window(...))
40.9145 	EXP 	Created text_50 = TextStim(__class__=<class 'psychopy.visual.text.TextStim'>, alignHoriz=method-wrapper(...), alignText='center', alignVert=method-wrapper(...), anchorHoriz='center', anchorVert='center', antialias=True, autoDraw=False, autoLog=True, bold=False, color=array([1., 1., 1.]), colorSpace='rgb', contrast=1.0, depth=-8.0, flipHoriz=False, flipVert=False, font='Open Sans', fontFiles=[], height=0.1, italic=False, languageStyle='LTR', name='text_50', opacity=1.0, ori=0.0, pos=array([ 0. , -0.2]), rgb=UNKNOWN, text='50%', units='norm', win=Window(...), wrapWidth=1)
40.9165 	EXP 	Created Loading_75 = Rect(__class__=<class 'psychopy.visual.rect.Rect'>, anchor=('center', 'center'), autoDraw=False, autoLog=True, closeShape=True, color=method-wrapper(...), colorSpace='rgb', contrast=None, depth=-9.0, fillColor=array([1, 1, 1]), fillColorSpace='rgb', fillRGB=array([1, 1, 1]), interpolate=True, lineColor=array([1., 1., 1.]), lineColorSpace='rgb', lineRGB=array([1, 1, 1]), lineWidth=1.0, name='Loading_75', opacity=1.0, ori=0.0, pos=array([-0.125,  0.   ]), size=array([0.75, 0.1 ]), units='norm', vertices=ndarray(...), win=Window(...))
40.9201 	EXP 	Created text_75 = TextStim(__class__=<class 'psychopy.visual.text.TextStim'>, alignHoriz=method-wrapper(...), alignText='center', alignVert=method-wrapper(...), anchorHoriz='center', anchorVert='center', antialias=True, autoDraw=False, autoLog=True, bold=False, color=array([1., 1., 1.]), colorSpace='rgb', contrast=1.0, depth=-10.0, flipHoriz=False, flipVert=False, font='Open Sans', fontFiles=[], height=0.1, italic=False, languageStyle='LTR', name='text_75', opacity=1.0, ori=0.0, pos=array([ 0. , -0.2]), rgb=UNKNOWN, text='75%', units='norm', win=Window(...), wrapWidth=1)
40.9221 	EXP 	Created Loading_100 = Rect(__class__=<class 'psychopy.visual.rect.Rect'>, anchor=('center', 'center'), autoDraw=False, autoLog=True, closeShape=True, color=method-wrapper(...), colorSpace='rgb', contrast=None, depth=-11.0, fillColor=array([1, 1, 1]), fillColorSpace='rgb', fillRGB=array([1, 1, 1]), interpolate=True, lineColor=array([1., 1., 1.]), lineColorSpace='rgb', lineRGB=array([1, 1, 1]), lineWidth=1.0, name='Loading_100', opacity=1.0, ori=0.0, pos=array([0., 0.]), size=array([1. , 0.1]), units='norm', vertices=ndarray(...), win=Window(...))
40.9258 	EXP 	Created text_100 = TextStim(__class__=<class 'psychopy.visual.text.TextStim'>, alignHoriz=method-wrapper(...), alignText='center', alignVert=method-wrapper(...), anchorHoriz='center', anchorVert='center', antialias=True, autoDraw=False, autoLog=True, bold=False, color=array([1., 1., 1.]), colorSpace='rgb', contrast=1.0, depth=-12.0, flipHoriz=False, flipVert=False, font='Open Sans', fontFiles=[], height=0.1, italic=False, languageStyle='LTR', name='text_100', opacity=1.0, ori=0.0, pos=array([ 0. , -0.2]), rgb=UNKNOWN, text='100%', units='norm', win=Window(...), wrapWidth=1)
40.9271 	EXP 	Created Youhavematched = TextStim(__class__=<class 'psychopy.visual.text.TextStim'>, alignHoriz=method-wrapper(...), alignText='center', alignVert=method-wrapper(...), anchorHoriz='center', anchorVert='center', antialias=True, autoDraw=False, autoLog=True, bold=False, color=array([1., 1., 1.]), colorSpace='rgb', contrast=1.0, depth=-1.0, flipHoriz=False, flipVert=False, font='Open Sans', fontFiles=[], height=0.08, italic=False, languageStyle='LTR', name='Youhavematched', opacity=1.0, ori=0.0, pos=array([0. , 0.6]), rgb=UNKNOWN, text='', units='norm', win=Window(...), wrapWidth=1)
40.9383 	EXP 	Created partneremoji_image = ImageStim(__class__=<class 'psychopy.visual.image.ImageStim'>, anchor=('center', 'center'), autoLog=True, color=array([1., 1., 1.]), colorSpace='rgb', contrast=1.0, depth=-2.0, flipHoriz=False, flipVert=False, image='sin', interpolate=True, mask=None, maskParams=None, name='partneremoji_image', opacity=1.0, ori=0.0, pos=array([0., 0.]), size=array([0.5 , 0.75]), texRes=128.0, units='norm', win=Window(...))
41.9440 	EXP 	Created PressToContinue = TextStim(__class__=<class 'psychopy.visual.text.TextStim'>, alignHoriz=method-wrapper(...), alignText='center', alignVert=method-wrapper(...), anchorHoriz='center', anchorVert='center', antialias=True, autoDraw=False, autoLog=True, bold=False, color=array([1., 1., 1.]), colorSpace='rgb', contrast=1.0, depth=-4.0, flipHoriz=False, flipVert=False, font='Open Sans', fontFiles=[], height=0.08, italic=False, languageStyle='LTR', name='PressToContinue', opacity=1.0, ori=0.0, pos=array([ 0. , -0.6]), rgb=UNKNOWN, text='Press space to continue.', units='norm', win=Window(...), wrapWidth=1)
41.9540 	EXP 	Created photobeingshared_text = TextStim(__class__=<class 'psychopy.visual.text.TextStim'>, alignHoriz=method-wrapper(...), alignText='center', alignVert=method-wrapper(...), anchorHoriz='center', anchorVert='center', antialias=True, autoDraw=False, autoLog=True, bold=False, color=array([1., 1., 1.]), colorSpace='rgb', contrast=1.0, depth=0.0, flipHoriz=False, flipVert=False, font='Open Sans', fontFiles=[], height=0.09, italic=False, languageStyle='LTR', name='photobeingshared_text', opacity=1.0, ori=0.0, pos=array([0. , 0.6]), rgb=UNKNOWN, text='This photo is now being shared', units='norm', win=Window(...), wrapWidth=1)
41.9642 	EXP 	Created waitforfeedback_text = TextStim(__class__=<class 'psychopy.visual.text.TextStim'>, alignHoriz=method-wrapper(...), alignText='center', alignVert=method-wrapper(...), anchorHoriz='center', anchorVert='center', antialias=True, autoDraw=False, autoLog=True, bold=False, color=array([1., 1., 1.]), colorSpace='rgb', contrast=1.0, depth=-1.0, flipHoriz=False, flipVert=False, font='Open Sans', fontFiles=[], height=0.09, italic=False, languageStyle='LTR', name='waitforfeedback_text', opacity=1.0, ori=0.0, pos=array([ 0. , -0.6]), rgb=UNKNOWN, text='Please wait for feedback.', units='norm', win=Window(...), wrapWidth=1)
41.9697 	EXP 	Created participantimage_image = ImageStim(__class__=<class 'psychopy.visual.image.ImageStim'>, anchor=('center', 'center'), autoLog=True, color=array([1., 1., 1.]), colorSpace='rgb', contrast=1.0, depth=-3.0, flipHoriz=False, flipVert=False, image='sin', interpolate=True, mask=None, maskParams=None, name='participantimage_image', opacity=1.0, ori=0.0, pos=array([0., 0.]), size=array([0.5 , 0.75]), texRes=128.0, units='norm', win=Window(...))
41.9769 	EXP 	Created waiting_text = TextStim(__class__=<class 'psychopy.visual.text.TextStim'>, alignHoriz=method-wrapper(...), alignText='center', alignVert=method-wrapper(...), anchorHoriz='center', anchorVert='center', antialias=True, autoDraw=False, autoLog=True, bold=False, color=array([1., 1., 1.]), colorSpace='rgb', contrast=1.0, depth=0.0, flipHoriz=False, flipVert=False, font='Open Sans', fontFiles=[], height=0.15, italic=False, languageStyle='LTR', name='waiting_text', opacity=1.0, ori=0.0, pos=array([0., 0.]), rgb=UNKNOWN, text='Waiting…', units='norm', win=Window(...), wrapWidth=1)
41.9783 	EXP 	Created displayfeedback_text = TextStim(__class__=<class 'psychopy.visual.text.TextStim'>, alignHoriz=method-wrapper(...), alignText='center', alignVert=method-wrapper(...), anchorHoriz='center', anchorVert='center', antialias=True, autoDraw=False, autoLog=True, bold=False, color=array([1., 1., 1.]), colorSpace='rgb', contrast=1.0, depth=0.0, flipHoriz=False, flipVert=False, font='Open Sans', fontFiles=[], height=0.12, italic=False, languageStyle='LTR', name='displayfeedback_text', opacity=1.0, ori=0.0, pos=array([0.  , 0.75]), rgb=UNKNOWN, text='', units='norm', win=Window(...), wrapWidth=1)
41.9834 	EXP 	Created fdbkimage_image = ImageStim(__class__=<class 'psychopy.visual.image.ImageStim'>, anchor=('center', 'center'), autoLog=True, color=array([1., 1., 1.]), colorSpace='rgb', contrast=1.0, depth=-1.0, flipHoriz=False, flipVert=False, image='sin', interpolate=True, mask=None, maskParams=None, name='fdbkimage_image', opacity=1.0, ori=0.0, pos=array([0., 0.]), size=array([0.75, 1.25]), texRes=128.0, units='norm', win=Window(...))
41.9938 	EXP 	Created presstosharenextphoto_text = TextStim(__class__=<class 'psychopy.visual.text.TextStim'>, alignHoriz=method-wrapper(...), alignText='center', alignVert=method-wrapper(...), anchorHoriz='center', anchorVert='center', antialias=True, autoDraw=False, autoLog=True, bold=False, color=array([1., 1., 1.]), colorSpace='rgb', contrast=1.0, depth=0.0, flipHoriz=False, flipVert=False, font='Open Sans', fontFiles=[], height=0.1, italic=False, languageStyle='LTR', name='presstosharenextphoto_text', opacity=1.0, ori=0.0, pos=array([0., 0.]), rgb=UNKNOWN, text='Press space to share your next photo.', units='norm', win=Window(...), wrapWidth=1)
43.0234 	EXP 	Created lotterychoice_text = TextStim(__class__=<class 'psychopy.visual.text.TextStim'>, alignHoriz=method-wrapper(...), alignText='center', alignVert=method-wrapper(...), anchorHoriz='center', anchorVert='center', antialias=True, autoDraw=False, autoLog=True, bold=False, color=array([1., 1., 1.]), colorSpace='rgb', contrast=1.0, depth=0.0, flipHoriz=False, flipVert=False, font='Open Sans', fontFiles=[], height=0.07, italic=False, languageStyle='LTR', name='lotterychoice_text', opacity=1.0, ori=0.0, pos=array([0. , 0.3]), rgb=UNKNOWN, text=str(...), units='norm', win=Window(...), wrapWidth=1)
43.0273 	EXP 	Created computer_text = TextStim(__class__=<class 'psychopy.visual.text.TextStim'>, alignHoriz=method-wrapper(...), alignText='center', alignVert=method-wrapper(...), anchorHoriz='center', anchorVert='center', antialias=True, autoDraw=False, autoLog=True, bold=False, color=array([1., 1., 1.]), colorSpace='rgb', contrast=1.0, depth=-1.0, flipHoriz=False, flipVert=False, font='Open Sans', fontFiles=[], height=0.07, italic=False, languageStyle='LTR', name='computer_text', opacity=1.0, ori=0.0, pos=array([-0.3, -0.4]), rgb=UNKNOWN, text='Computer', units='norm', win=Window(...), wrapWidth=1)
43.0310 	EXP 	Created self_text = TextStim(__class__=<class 'psychopy.visual.text.TextStim'>, alignHoriz=method-wrapper(...), alignText='center', alignVert=method-wrapper(...), anchorHoriz='center', anchorVert='center', antialias=True, autoDraw=False, autoLog=True, bold=False, color=array([1., 1., 1.]), colorSpace='rgb', contrast=1.0, depth=-2.0, flipHoriz=False, flipVert=False, font='Open Sans', fontFiles=[], height=0.07, italic=False, languageStyle='LTR', name='self_text', opacity=1.0, ori=0.0, pos=array([ 0.3, -0.4]), rgb=UNKNOWN, text='Self', units='norm', win=Window(...), wrapWidth=1)
44.0390 	EXP 	Created lotterycard = TextStim(__class__=<class 'psychopy.visual.text.TextStim'>, alignHoriz=method-wrapper(...), alignText='center', alignVert=method-wrapper(...), anchorHoriz='center', anchorVert='center', antialias=True, autoDraw=False, autoLog=True, bold=False, color=array([1., 1., 1.]), colorSpace='rgb', contrast=1.0, depth=-1.0, flipHoriz=False, flipVert=False, font='Open Sans', fontFiles=[], height=0.1, italic=False, languageStyle='LTR', name='lotterycard', opacity=1.0, ori=0.0, pos=array([0. , 0.6]), rgb=UNKNOWN, text=str(...), units='norm', win=Window(...), wrapWidth=1)
44.1156 	EXP 	Created Block1_facedowncard = ImageStim(__class__=<class 'psychopy.visual.image.ImageStim'>, anchor=('center', 'center'), autoLog=True, color=array([1., 1., 1.]), colorSpace='rgb', contrast=1.0, depth=-2.0, flipHoriz=False, flipVert=False, image='Images/facedown card.png', interpolate=True, mask=None, maskParams=None, name='Block1_facedowncard', opacity=1.0, ori=0.0, pos=array([0., 0.]), size=array([0.75, 0.75]), texRes=128.0, units='norm', win=Window(...))
44.1171 	EXP 	Created computerresponse = TextStim(__class__=<class 'psychopy.visual.text.TextStim'>, alignHoriz=method-wrapper(...), alignText='center', alignVert=method-wrapper(...), anchorHoriz='center', anchorVert='center', antialias=True, autoDraw=False, autoLog=True, bold=False, color=array([1., 1., 1.]), colorSpace='rgb', contrast=1.0, depth=-3.0, flipHoriz=False, flipVert=False, font='Open Sans', fontFiles=[], height=0.1, italic=False, languageStyle='LTR', name='computerresponse', opacity=1.0, ori=0.0, pos=array([ 0. , -0.4]), rgb=UNKNOWN, text='', units='norm', win=Window(...), wrapWidth=1)
44.1259 	EXP 	Created pickacard_text = TextStim(__class__=<class 'psychopy.visual.text.TextStim'>, alignHoriz=method-wrapper(...), alignText='center', alignVert=method-wrapper(...), anchorHoriz='center', anchorVert='center', antialias=True, autoDraw=False, autoLog=True, bold=False, color=array([1., 1., 1.]), colorSpace='rgb', contrast=1.0, depth=-1.0, flipHoriz=False, flipVert=False, font='Open Sans', fontFiles=[], height=0.1, italic=False, languageStyle='LTR', name='pickacard_text', opacity=1.0, ori=0.0, pos=array([0.  , 0.65]), rgb=UNKNOWN, text=str(...), units='norm', win=Window(...), wrapWidth=1)
44.1299 	EXP 	Created higher_text = TextStim(__class__=<class 'psychopy.visual.text.TextStim'>, alignHoriz=method-wrapper(...), alignText='center', alignVert=method-wrapper(...), anchorHoriz='center', anchorVert='center', antialias=True, autoDraw=False, autoLog=True, bold=False, color=array([1., 1., 1.]), colorSpace='rgb', contrast=1.0, depth=-2.0, flipHoriz=False, flipVert=False, font='Open Sans', fontFiles=[], height=0.1, italic=False, languageStyle='LTR', name='higher_text', opacity=1.0, ori=0.0, pos=array([ 0.3, -0.5]), rgb=UNKNOWN, text='Higher', units='norm', win=Window(...), wrapWidth=1)
44.1339 	EXP 	Created lower_text = TextStim(__class__=<class 'psychopy.visual.text.TextStim'>, alignHoriz=method-wrapper(...), alignText='center', alignVert=method-wrapper(...), anchorHoriz='center', anchorVert='center', antialias=True, autoDraw=False, autoLog=True, bold=False, color=array([1., 1., 1.]), colorSpace='rgb', contrast=1.0, depth=-3.0, flipHoriz=False, flipVert=False, font='Open Sans', fontFiles=[], height=0.1, italic=False, languageStyle='LTR', name='lower_text', opacity=1.0, ori=0.0, pos=array([-0.3, -0.5]), rgb=UNKNOWN, text='Lower', units='norm', win=Window(...), wrapWidth=1)
45.1349 	EXP 	Created responsefeedback = TextStim(__class__=<class 'psychopy.visual.text.TextStim'>, alignHoriz=method-wrapper(...), alignText='center', alignVert=method-wrapper(...), anchorHoriz='center', anchorVert='center', antialias=True, autoDraw=False, autoLog=True, bold=False, color=array([1., 1., 1.]), colorSpace='rgb', contrast=1.0, depth=-6.0, flipHoriz=False, flipVert=False, font='Open Sans', fontFiles=[], height=0.07, italic=False, languageStyle='LTR', name='responsefeedback', opacity=1.0, ori=0.0, pos=array([ 0.  , -0.59]), rgb=UNKNOWN, text='', units='norm', win=Window(...), wrapWidth=1)
45.1920 	EXP 	Created block1_cardimage = ImageStim(__class__=<class 'psychopy.visual.image.ImageStim'>, anchor=('center', 'center'), autoLog=True, color=array([1., 1., 1.]), colorSpace='rgb', contrast=1.0, depth=-7.0, flipHoriz=False, flipVert=False, image='Images/facedown card.png', interpolate=True, mask=None, maskParams=None, name='block1_cardimage', opacity=1.0, ori=0.0, pos=array([0., 0.]), size=array([0.75, 0.75]), texRes=128.0, units='norm', win=Window(...))
46.1933 	EXP 	Created resumetext_text = TextStim(__class__=<class 'psychopy.visual.text.TextStim'>, alignHoriz=method-wrapper(...), alignText='center', alignVert=method-wrapper(...), anchorHoriz='center', anchorVert='center', antialias=True, autoDraw=False, autoLog=True, bold=False, color=array([1., 1., 1.]), colorSpace='rgb', contrast=1.0, depth=-2.0, flipHoriz=False, flipVert=False, font='Open Sans', fontFiles=[], height=0.12, italic=False, languageStyle='LTR', name='resumetext_text', opacity=1.0, ori=0.0, pos=array([0., 0.]), rgb=UNKNOWN, text='', units='norm', win=Window(...), wrapWidth=1)
46.2148 	EXP 	window1: mouseVisible = True
46.3265 	EXP 	Created slider = Slider(__class__=<class 'psychopy.visual.slider.Slider'>, autoDraw=False, autoLog=True, borderColor=None, color=None, colorSpace='rgb', depth=-5, fillColor=None, flip=False, font='Open Sans', granularity=0.0, labelColor=None, labelHeight=0.05, labelWrapWidth=None, labels=(1, 2, 3, 4, 5), lineColor=None, markerColor=None, name='slider', opacity=None, ori=0.0, pos=array([ 0. , -0.4]), readOnly=False, self=UNKNOWN, size=array([1. , 0.1]), startValue=None, style='rating', styleTweaks=['labels45', 'triangleMarker'], ticks=array([1, 2, 3, 4, 5]), units='norm', win=Window(...))
46.3284 	EXP 	Created saliencequestion_text = TextStim(__class__=<class 'psychopy.visual.text.TextStim'>, alignHoriz=method-wrapper(...), alignText='center', alignVert=method-wrapper(...), anchorHoriz='center', anchorVert='center', antialias=True, autoDraw=False, autoLog=True, bold=False, color=array([1., 1., 1.]), colorSpace='rgb', contrast=1.0, depth=-1.0, flipHoriz=False, flipVert=False, font='Open Sans', fontFiles=[], height=0.06, italic=False, languageStyle='LTR', name='saliencequestion_text', opacity=1.0, ori=0.0, pos=array([0. , 0.6]), rgb=UNKNOWN, text='', units='norm', win=Window(...), wrapWidth=1)
47.3317 	EXP 	Created salienceavatar_image = ImageStim(__class__=<class 'psychopy.visual.image.ImageStim'>, anchor=('center', 'center'), autoLog=True, color=array([1., 1., 1.]), colorSpace='rgb', contrast=1.0, depth=-3.0, flipHoriz=False, flipVert=False, image='sin', interpolate=True, mask=None, maskParams=None, name='salienceavatar_image', opacity=1.0, ori=0.0, pos=array([0., 0.]), size=array([0.3 , 0.55]), texRes=128.0, units='norm', win=Window(...))
47.3373 	EXP 	Created saliencecontinue_text = TextStim(__class__=<class 'psychopy.visual.text.TextStim'>, alignHoriz=method-wrapper(...), alignText='center', alignVert=method-wrapper(...), anchorHoriz='center', anchorVert='center', antialias=True, autoDraw=False, autoLog=True, bold=False, color=array([1., 1., 1.]), colorSpace='rgb', contrast=1.0, depth=-4.0, flipHoriz=False, flipVert=False, font='Open Sans', fontFiles=[], height=0.07, italic=False, languageStyle='LTR', name='saliencecontinue_text', opacity=1.0, ori=0.0, pos=array([ 0. , -0.7]), rgb=UNKNOWN, text='Press space to enter rating and continue.', units='norm', win=Window(...), wrapWidth=1)
47.3535 	WARNING 	t of last frame was 13686.44ms (=1/0)
47.3535 	EXP 	slider: autoLog = True
47.3535 	EXP 	slider: markerPos = None
47.3535 	EXP 	slider: styleTweaks = []
47.3535 	EXP 	slider: styleTweaks = []
47.3535 	EXP 	slider: styleTweaks = ['labels45', 'triangleMarker']
47.3535 	EXP 	slider: styleTweaks = ['labels45', 'triangleMarker']
47.3535 	EXP 	slider: contrast = 1.0
47.3535 	EXP 	slider: autoLog = True
47.3535 	EXP 	Welcome: autoDraw = True
47.4202 	WARNING 	t of last frame was 20.68ms (=1/48)
53.2607 	DATA 	Keypress: space
53.2679 	EXP 	Welcome: autoDraw = False
53.2679 	EXP 	FirstInstructions: autoDraw = True
53.6398 	EXP 	Imported /Users/jordansiegel/Documents/PhD/Research/Second Year Project/Rejection_Task 2/data/101/101_trials.csv as conditions, 90 conditions, 5 params
53.6417 	EXP 	Created sequence: sequential, trialTypes=90, nReps=1, seed=None
53.6422 	EXP 	New trial (rep=0, index=0): OrderedDict([('TrialNumber', 1), ('Partner', 'Charlie'), ('Condition', 'Acc'), ('Photos', 'Participant_Images/101_Image_6.jpg'), ('Feedback', 'disliked')])
53.6549 	DATA 	Keypress: space
53.6593 	WARNING 	t of last frame was 42.28ms (=1/23)
53.6593 	EXP 	FirstInstructions: autoDraw = False
53.6593 	EXP 	Match_text: autoDraw = True
56.6670 	WARNING 	Multiple dropped frames have occurred - I'll stop bothering you about them!
56.6670 	EXP 	syncing_text: autoDraw = True
56.6670 	EXP 	text_0: autoDraw = True
56.6670 	EXP 	Transparent: autoDraw = True
56.6861 	EXP 	Match_text: autoDraw = False
57.9023 	EXP 	Loading_25: autoDraw = True
57.9023 	EXP 	text_25: autoDraw = True
57.9169 	EXP 	text_0: autoDraw = False
59.1521 	EXP 	Loading_50: autoDraw = True
59.1521 	EXP 	text_50: autoDraw = True
59.1683 	EXP 	Loading_25: autoDraw = False
59.1683 	EXP 	text_25: autoDraw = False
60.4003 	EXP 	Loading_75: autoDraw = True
60.4003 	EXP 	text_75: autoDraw = True
60.4189 	EXP 	Loading_50: autoDraw = False
60.4189 	EXP 	text_50: autoDraw = False
61.6503 	EXP 	Loading_75: autoDraw = False
61.6503 	EXP 	text_75: autoDraw = False
61.6503 	EXP 	Loading_100: autoDraw = True
61.6503 	EXP 	text_100: autoDraw = True
62.9029 	EXP 	Loading_100: autoDraw = False
62.9029 	EXP 	text_100: autoDraw = False
62.9373 	EXP 	Match_text: autoDraw = False
62.9373 	EXP 	syncing_text: autoDraw = False
62.9373 	EXP 	text_0: autoDraw = False
62.9373 	EXP 	Transparent: autoDraw = False
62.9373 	EXP 	Loading_25: autoDraw = False
62.9373 	EXP 	text_25: autoDraw = False
62.9373 	EXP 	Loading_50: autoDraw = False
62.9373 	EXP 	text_50: autoDraw = False
62.9373 	EXP 	Loading_75: autoDraw = False
62.9373 	EXP 	text_75: autoDraw = False
62.9373 	EXP 	Loading_100: autoDraw = False
62.9373 	EXP 	text_100: autoDraw = False
62.9373 	EXP 	Youhavematched: height = 0.08
62.9373 	EXP 	Youhavematched: height = 0.08
62.9373 	EXP 	Youhavematched: height = 0.08
62.9373 	EXP 	Youhavematched: text = 'You have matched with: Charlie'
62.9373 	EXP 	partneremoji_image: image = 'Images/smilingemoji.tiff'
62.9373 	EXP 	Youhavematched: autoDraw = True
62.9373 	EXP 	partneremoji_image: autoDraw = True
62.9373 	EXP 	PressToContinue: autoDraw = True
67.7208 	DATA 	Keypress: space
67.7276 	EXP 	Youhavematched: autoDraw = False
67.7276 	EXP 	partneremoji_image: autoDraw = False
67.7276 	EXP 	PressToContinue: autoDraw = False
67.7276 	EXP 	participantimage_image: image = 'Participant_Images/101_Image_6.jpg'
67.7276 	EXP 	photobeingshared_text: autoDraw = True
67.7276 	EXP 	waitforfeedback_text: autoDraw = True
67.7276 	EXP 	participantimage_image: autoDraw = True
70.3504 	EXP 	photobeingshared_text: autoDraw = False
70.3504 	EXP 	waitforfeedback_text: autoDraw = False
70.3504 	EXP 	participantimage_image: autoDraw = False
70.3504 	EXP 	waiting_text: autoDraw = True
75.3542 	ERROR 	Couldn't find image ; check path? (tried: /Users/jordansiegel/Documents/PhD/Research/Second Year Project/Rejection_Task 2)
75.3796 	EXP 	window1: mouseVisible = True
